{"C:\\Users\\Usuario\\Projetos\\AsharFinance\\ashar_mcp\\src\\constants.ts": {"path":"C:\\Users\\Usuario\\Projetos\\AsharFinance\\ashar_mcp\\src\\constants.ts","statementMap":{"0":{"start":{"line":4,"column":31},"end":{"line":4,"column":null}},"1":{"start":{"line":7,"column":31},"end":{"line":7,"column":null}},"2":{"start":{"line":10,"column":32},"end":{"line":10,"column":null}},"3":{"start":{"line":13,"column":34},"end":{"line":13,"column":null}},"4":{"start":{"line":16,"column":27},"end":{"line":16,"column":null}},"5":{"start":{"line":19,"column":35},"end":{"line":19,"column":null}},"6":{"start":{"line":22,"column":34},"end":{"line":22,"column":null}},"7":{"start":{"line":26,"column":7},"end":{"line":47,"column":null}},"8":{"start":{"line":28,"column":2},"end":{"line":28,"column":null}},"9":{"start":{"line":30,"column":2},"end":{"line":30,"column":null}},"10":{"start":{"line":32,"column":2},"end":{"line":32,"column":null}},"11":{"start":{"line":34,"column":2},"end":{"line":34,"column":null}},"12":{"start":{"line":36,"column":2},"end":{"line":36,"column":null}},"13":{"start":{"line":38,"column":2},"end":{"line":38,"column":null}},"14":{"start":{"line":40,"column":2},"end":{"line":40,"column":null}},"15":{"start":{"line":42,"column":2},"end":{"line":42,"column":null}},"16":{"start":{"line":44,"column":2},"end":{"line":44,"column":null}},"17":{"start":{"line":46,"column":2},"end":{"line":46,"column":null}},"18":{"start":{"line":51,"column":7},"end":{"line":56,"column":null}},"19":{"start":{"line":52,"column":2},"end":{"line":52,"column":null}},"20":{"start":{"line":53,"column":2},"end":{"line":53,"column":null}},"21":{"start":{"line":54,"column":2},"end":{"line":54,"column":null}},"22":{"start":{"line":55,"column":2},"end":{"line":55,"column":null}},"23":{"start":{"line":69,"column":28},"end":{"line":69,"column":null}},"24":{"start":{"line":75,"column":31},"end":{"line":75,"column":null}},"25":{"start":{"line":78,"column":36},"end":{"line":78,"column":null}},"26":{"start":{"line":81,"column":80},"end":{"line":94,"column":null}},"27":{"start":{"line":100,"column":32},"end":{"line":100,"column":null}},"28":{"start":{"line":103,"column":32},"end":{"line":103,"column":null}},"29":{"start":{"line":106,"column":30},"end":{"line":106,"column":null}},"30":{"start":{"line":109,"column":30},"end":{"line":109,"column":null}}},"fnMap":{"0":{"name":"(anonymous_0)","decl":{"start":{"line":26,"column":7},"end":{"line":26,"column":12}},"loc":{"start":{"line":26,"column":7},"end":{"line":47,"column":null}},"line":26},"1":{"name":"(anonymous_1)","decl":{"start":{"line":51,"column":7},"end":{"line":51,"column":12}},"loc":{"start":{"line":51,"column":7},"end":{"line":56,"column":null}},"line":51}},"branchMap":{},"s":{"0":14,"1":14,"2":14,"3":14,"4":14,"5":14,"6":14,"7":14,"8":14,"9":14,"10":14,"11":14,"12":14,"13":14,"14":14,"15":14,"16":14,"17":14,"18":14,"19":14,"20":14,"21":14,"22":14,"23":14,"24":14,"25":14,"26":14,"27":14,"28":14,"29":14,"30":14},"f":{"0":14,"1":14},"b":{},"meta":{"lastBranch":0,"lastFunction":2,"lastStatement":31,"seen":{"s:4:31:4:Infinity":0,"s:7:31:7:Infinity":1,"s:10:32:10:Infinity":2,"s:13:34:13:Infinity":3,"s:16:27:16:Infinity":4,"s:19:35:19:Infinity":5,"s:22:34:22:Infinity":6,"s:26:7:47:Infinity":7,"f:26:7:26:12":0,"s:28:2:28:Infinity":8,"s:30:2:30:Infinity":9,"s:32:2:32:Infinity":10,"s:34:2:34:Infinity":11,"s:36:2:36:Infinity":12,"s:38:2:38:Infinity":13,"s:40:2:40:Infinity":14,"s:42:2:42:Infinity":15,"s:44:2:44:Infinity":16,"s:46:2:46:Infinity":17,"s:51:7:56:Infinity":18,"f:51:7:51:12":1,"s:52:2:52:Infinity":19,"s:53:2:53:Infinity":20,"s:54:2:54:Infinity":21,"s:55:2:55:Infinity":22,"s:69:28:69:Infinity":23,"s:75:31:75:Infinity":24,"s:78:36:78:Infinity":25,"s:81:80:94:Infinity":26,"s:100:32:100:Infinity":27,"s:103:32:103:Infinity":28,"s:106:30:106:Infinity":29,"s:109:30:109:Infinity":30},"fnNames":{}}}
,"C:\\Users\\Usuario\\Projetos\\AsharFinance\\ashar_mcp\\src\\index.ts": {"path":"C:\\Users\\Usuario\\Projetos\\AsharFinance\\ashar_mcp\\src\\index.ts","statementMap":{"0":{"start":{"line":49,"column":14},"end":{"line":49,"column":null}},"1":{"start":{"line":52,"column":13},"end":{"line":52,"column":null}},"2":{"start":{"line":53,"column":2},"end":{"line":53,"column":null}},"3":{"start":{"line":59,"column":27},"end":{"line":59,"column":null}},"4":{"start":{"line":61,"column":2},"end":{"line":63,"column":null}},"5":{"start":{"line":62,"column":4},"end":{"line":62,"column":null}},"6":{"start":{"line":65,"column":14},"end":{"line":65,"column":null}},"7":{"start":{"line":66,"column":2},"end":{"line":68,"column":null}},"8":{"start":{"line":67,"column":4},"end":{"line":67,"column":null}},"9":{"start":{"line":70,"column":2},"end":{"line":75,"column":null}},"10":{"start":{"line":71,"column":4},"end":{"line":71,"column":null}},"11":{"start":{"line":72,"column":4},"end":{"line":74,"column":null}},"12":{"start":{"line":73,"column":6},"end":{"line":73,"column":null}},"13":{"start":{"line":77,"column":2},"end":{"line":77,"column":null}},"14":{"start":{"line":83,"column":21},"end":{"line":83,"column":null}},"15":{"start":{"line":84,"column":2},"end":{"line":87,"column":null}},"16":{"start":{"line":85,"column":4},"end":{"line":85,"column":null}},"17":{"start":{"line":86,"column":4},"end":{"line":86,"column":null}},"18":{"start":{"line":89,"column":2},"end":{"line":89,"column":null}},"19":{"start":{"line":91,"column":14},"end":{"line":91,"column":null}},"20":{"start":{"line":92,"column":2},"end":{"line":95,"column":null}},"21":{"start":{"line":93,"column":4},"end":{"line":93,"column":null}},"22":{"start":{"line":94,"column":4},"end":{"line":94,"column":null}},"23":{"start":{"line":97,"column":2},"end":{"line":108,"column":null}},"24":{"start":{"line":98,"column":19},"end":{"line":98,"column":37}},"25":{"start":{"line":99,"column":4},"end":{"line":105,"column":null}},"26":{"start":{"line":100,"column":6},"end":{"line":100,"column":null}},"27":{"start":{"line":102,"column":6},"end":{"line":102,"column":null}},"28":{"start":{"line":103,"column":6},"end":{"line":103,"column":null}},"29":{"start":{"line":104,"column":6},"end":{"line":104,"column":null}},"30":{"start":{"line":107,"column":4},"end":{"line":107,"column":null}},"31":{"start":{"line":110,"column":2},"end":{"line":113,"column":null}},"32":{"start":{"line":111,"column":17},"end":{"line":111,"column":32}},"33":{"start":{"line":112,"column":4},"end":{"line":112,"column":null}},"34":{"start":{"line":118,"column":15},"end":{"line":121,"column":null}},"35":{"start":{"line":124,"column":0},"end":{"line":124,"column":null}},"36":{"start":{"line":125,"column":0},"end":{"line":125,"column":null}},"37":{"start":{"line":126,"column":0},"end":{"line":126,"column":null}},"38":{"start":{"line":127,"column":0},"end":{"line":127,"column":null}},"39":{"start":{"line":128,"column":0},"end":{"line":128,"column":null}},"40":{"start":{"line":129,"column":0},"end":{"line":129,"column":null}},"41":{"start":{"line":130,"column":0},"end":{"line":130,"column":null}},"42":{"start":{"line":131,"column":0},"end":{"line":131,"column":null}},"43":{"start":{"line":132,"column":0},"end":{"line":132,"column":null}},"44":{"start":{"line":133,"column":0},"end":{"line":133,"column":null}},"45":{"start":{"line":134,"column":0},"end":{"line":134,"column":null}},"46":{"start":{"line":139,"column":2},"end":{"line":139,"column":null}},"47":{"start":{"line":141,"column":20},"end":{"line":141,"column":null}},"48":{"start":{"line":142,"column":2},"end":{"line":142,"column":null}},"49":{"start":{"line":143,"column":2},"end":{"line":143,"column":null}},"50":{"start":{"line":149,"column":2},"end":{"line":149,"column":null}},"51":{"start":{"line":153,"column":2},"end":{"line":159,"column":null}},"52":{"start":{"line":154,"column":4},"end":{"line":154,"column":null}},"53":{"start":{"line":156,"column":4},"end":{"line":156,"column":null}},"54":{"start":{"line":157,"column":4},"end":{"line":157,"column":null}},"55":{"start":{"line":158,"column":4},"end":{"line":158,"column":null}},"56":{"start":{"line":161,"column":14},"end":{"line":161,"column":null}},"57":{"start":{"line":162,"column":2},"end":{"line":162,"column":null}},"58":{"start":{"line":164,"column":2},"end":{"line":174,"column":null}},"59":{"start":{"line":165,"column":22},"end":{"line":168,"column":null}},"60":{"start":{"line":170,"column":4},"end":{"line":170,"column":null}},"61":{"start":{"line":170,"column":26},"end":{"line":170,"column":43}},"62":{"start":{"line":172,"column":4},"end":{"line":172,"column":null}},"63":{"start":{"line":173,"column":4},"end":{"line":173,"column":null}},"64":{"start":{"line":177,"column":2},"end":{"line":184,"column":null}},"65":{"start":{"line":178,"column":4},"end":{"line":183,"column":null}},"66":{"start":{"line":186,"column":15},"end":{"line":186,"column":null}},"67":{"start":{"line":187,"column":2},"end":{"line":190,"column":null}},"68":{"start":{"line":188,"column":4},"end":{"line":188,"column":null}},"69":{"start":{"line":189,"column":4},"end":{"line":189,"column":null}},"70":{"start":{"line":195,"column":18},"end":{"line":195,"column":null}},"71":{"start":{"line":197,"column":0},"end":{"line":207,"column":null}},"72":{"start":{"line":198,"column":2},"end":{"line":201,"column":null}},"73":{"start":{"line":199,"column":4},"end":{"line":199,"column":null}},"74":{"start":{"line":200,"column":4},"end":{"line":200,"column":null}},"75":{"start":{"line":203,"column":2},"end":{"line":206,"column":null}},"76":{"start":{"line":204,"column":4},"end":{"line":204,"column":null}},"77":{"start":{"line":205,"column":4},"end":{"line":205,"column":null}}},"fnMap":{"0":{"name":"startupLog","decl":{"start":{"line":51,"column":9},"end":{"line":51,"column":20}},"loc":{"start":{"line":51,"column":39},"end":{"line":54,"column":null}},"line":51},"1":{"name":"validateConfig","decl":{"start":{"line":58,"column":9},"end":{"line":58,"column":64}},"loc":{"start":{"line":58,"column":64},"end":{"line":78,"column":null}},"line":58},"2":{"name":"runStartupDiagnostics","decl":{"start":{"line":82,"column":15},"end":{"line":82,"column":54}},"loc":{"start":{"line":82,"column":54},"end":{"line":114,"column":null}},"line":82},"3":{"name":"runStdio","decl":{"start":{"line":138,"column":15},"end":{"line":138,"column":41}},"loc":{"start":{"line":138,"column":41},"end":{"line":144,"column":null}},"line":138},"4":{"name":"runHttp","decl":{"start":{"line":148,"column":15},"end":{"line":148,"column":40}},"loc":{"start":{"line":148,"column":40},"end":{"line":191,"column":null}},"line":148},"5":{"name":"(anonymous_5)","decl":{"start":{"line":164,"column":19},"end":{"line":164,"column":26}},"loc":{"start":{"line":164,"column":49},"end":{"line":174,"column":3}},"line":164},"6":{"name":"(anonymous_6)","decl":{"start":{"line":170,"column":11},"end":{"line":170,"column":26}},"loc":{"start":{"line":170,"column":26},"end":{"line":170,"column":43}},"line":170},"7":{"name":"(anonymous_7)","decl":{"start":{"line":177,"column":10},"end":{"line":177,"column":22}},"loc":{"start":{"line":177,"column":46},"end":{"line":184,"column":3}},"line":177},"8":{"name":"(anonymous_8)","decl":{"start":{"line":187,"column":13},"end":{"line":187,"column":25}},"loc":{"start":{"line":187,"column":25},"end":{"line":190,"column":3}},"line":187},"9":{"name":"(anonymous_9)","decl":{"start":{"line":198,"column":12},"end":{"line":198,"column":19}},"loc":{"start":{"line":198,"column":29},"end":{"line":201,"column":3}},"line":198},"10":{"name":"(anonymous_10)","decl":{"start":{"line":203,"column":13},"end":{"line":203,"column":20}},"loc":{"start":{"line":203,"column":30},"end":{"line":206,"column":3}},"line":203}},"branchMap":{"0":{"loc":{"start":{"line":61,"column":2},"end":{"line":63,"column":null}},"type":"if","locations":[{"start":{"line":61,"column":2},"end":{"line":63,"column":null}},{"start":{},"end":{}}],"line":61},"1":{"loc":{"start":{"line":66,"column":2},"end":{"line":68,"column":null}},"type":"if","locations":[{"start":{"line":66,"column":2},"end":{"line":68,"column":null}},{"start":{},"end":{}}],"line":66},"2":{"loc":{"start":{"line":66,"column":6},"end":{"line":66,"column":72}},"type":"binary-expr","locations":[{"start":{"line":66,"column":6},"end":{"line":66,"column":13}},{"start":{"line":66,"column":13},"end":{"line":66,"column":44}},{"start":{"line":66,"column":44},"end":{"line":66,"column":72}}],"line":66},"3":{"loc":{"start":{"line":70,"column":2},"end":{"line":75,"column":null}},"type":"if","locations":[{"start":{"line":70,"column":2},"end":{"line":75,"column":null}},{"start":{},"end":{}}],"line":70},"4":{"loc":{"start":{"line":84,"column":2},"end":{"line":87,"column":null}},"type":"if","locations":[{"start":{"line":84,"column":2},"end":{"line":87,"column":null}},{"start":{},"end":{}}],"line":84},"5":{"loc":{"start":{"line":92,"column":2},"end":{"line":95,"column":null}},"type":"if","locations":[{"start":{"line":92,"column":2},"end":{"line":95,"column":null}},{"start":{},"end":{}}],"line":92},"6":{"loc":{"start":{"line":99,"column":4},"end":{"line":105,"column":null}},"type":"if","locations":[{"start":{"line":99,"column":4},"end":{"line":105,"column":null}},{"start":{"line":101,"column":11},"end":{"line":105,"column":null}}],"line":99},"7":{"loc":{"start":{"line":110,"column":2},"end":{"line":113,"column":null}},"type":"if","locations":[{"start":{"line":110,"column":2},"end":{"line":113,"column":null}},{"start":{},"end":{}}],"line":110},"8":{"loc":{"start":{"line":186,"column":24},"end":{"line":186,"column":52}},"type":"binary-expr","locations":[{"start":{"line":186,"column":24},"end":{"line":186,"column":44}},{"start":{"line":186,"column":44},"end":{"line":186,"column":52}}],"line":186},"9":{"loc":{"start":{"line":195,"column":18},"end":{"line":195,"column":null}},"type":"binary-expr","locations":[{"start":{"line":195,"column":18},"end":{"line":195,"column":49}},{"start":{"line":195,"column":49},"end":{"line":195,"column":null}}],"line":195},"10":{"loc":{"start":{"line":197,"column":0},"end":{"line":207,"column":null}},"type":"if","locations":[{"start":{"line":197,"column":0},"end":{"line":207,"column":null}},{"start":{"line":202,"column":7},"end":{"line":207,"column":null}}],"line":197}},"s":{"0":0,"1":0,"2":0,"3":0,"4":0,"5":0,"6":0,"7":0,"8":0,"9":0,"10":0,"11":0,"12":0,"13":0,"14":0,"15":0,"16":0,"17":0,"18":0,"19":0,"20":0,"21":0,"22":0,"23":0,"24":0,"25":0,"26":0,"27":0,"28":0,"29":0,"30":0,"31":0,"32":0,"33":0,"34":0,"35":0,"36":0,"37":0,"38":0,"39":0,"40":0,"41":0,"42":0,"43":0,"44":0,"45":0,"46":0,"47":0,"48":0,"49":0,"50":0,"51":0,"52":0,"53":0,"54":0,"55":0,"56":0,"57":0,"58":0,"59":0,"60":0,"61":0,"62":0,"63":0,"64":0,"65":0,"66":0,"67":0,"68":0,"69":0,"70":0,"71":0,"72":0,"73":0,"74":0,"75":0,"76":0,"77":0},"f":{"0":0,"1":0,"2":0,"3":0,"4":0,"5":0,"6":0,"7":0,"8":0,"9":0,"10":0},"b":{"0":[0,0],"1":[0,0],"2":[0,0,0],"3":[0,0],"4":[0,0],"5":[0,0],"6":[0,0],"7":[0,0],"8":[0,0],"9":[0,0],"10":[0,0]},"meta":{"lastBranch":11,"lastFunction":11,"lastStatement":78,"seen":{"s:49:14:49:Infinity":0,"f:51:9:51:20":0,"s:52:13:52:Infinity":1,"s:53:2:53:Infinity":2,"f:58:9:58:64":1,"s:59:27:59:Infinity":3,"b:61:2:63:Infinity:undefined:undefined:undefined:undefined":0,"s:61:2:63:Infinity":4,"s:62:4:62:Infinity":5,"s:65:14:65:Infinity":6,"b:66:2:68:Infinity:undefined:undefined:undefined:undefined":1,"s:66:2:68:Infinity":7,"b:66:6:66:13:66:13:66:44:66:44:66:72":2,"s:67:4:67:Infinity":8,"b:70:2:75:Infinity:undefined:undefined:undefined:undefined":3,"s:70:2:75:Infinity":9,"s:71:4:71:Infinity":10,"s:72:4:74:Infinity":11,"s:73:6:73:Infinity":12,"s:77:2:77:Infinity":13,"f:82:15:82:54":2,"s:83:21:83:Infinity":14,"b:84:2:87:Infinity:undefined:undefined:undefined:undefined":4,"s:84:2:87:Infinity":15,"s:85:4:85:Infinity":16,"s:86:4:86:Infinity":17,"s:89:2:89:Infinity":18,"s:91:14:91:Infinity":19,"b:92:2:95:Infinity:undefined:undefined:undefined:undefined":5,"s:92:2:95:Infinity":20,"s:93:4:93:Infinity":21,"s:94:4:94:Infinity":22,"s:97:2:108:Infinity":23,"s:98:19:98:37":24,"b:99:4:105:Infinity:101:11:105:Infinity":6,"s:99:4:105:Infinity":25,"s:100:6:100:Infinity":26,"s:102:6:102:Infinity":27,"s:103:6:103:Infinity":28,"s:104:6:104:Infinity":29,"s:107:4:107:Infinity":30,"b:110:2:113:Infinity:undefined:undefined:undefined:undefined":7,"s:110:2:113:Infinity":31,"s:111:17:111:32":32,"s:112:4:112:Infinity":33,"s:118:15:121:Infinity":34,"s:124:0:124:Infinity":35,"s:125:0:125:Infinity":36,"s:126:0:126:Infinity":37,"s:127:0:127:Infinity":38,"s:128:0:128:Infinity":39,"s:129:0:129:Infinity":40,"s:130:0:130:Infinity":41,"s:131:0:131:Infinity":42,"s:132:0:132:Infinity":43,"s:133:0:133:Infinity":44,"s:134:0:134:Infinity":45,"f:138:15:138:41":3,"s:139:2:139:Infinity":46,"s:141:20:141:Infinity":47,"s:142:2:142:Infinity":48,"s:143:2:143:Infinity":49,"f:148:15:148:40":4,"s:149:2:149:Infinity":50,"s:153:2:159:Infinity":51,"s:154:4:154:Infinity":52,"s:156:4:156:Infinity":53,"s:157:4:157:Infinity":54,"s:158:4:158:Infinity":55,"s:161:14:161:Infinity":56,"s:162:2:162:Infinity":57,"s:164:2:174:Infinity":58,"f:164:19:164:26":5,"s:165:22:168:Infinity":59,"s:170:4:170:Infinity":60,"f:170:11:170:26":6,"s:170:26:170:43":61,"s:172:4:172:Infinity":62,"s:173:4:173:Infinity":63,"s:177:2:184:Infinity":64,"f:177:10:177:22":7,"s:178:4:183:Infinity":65,"s:186:15:186:Infinity":66,"b:186:24:186:44:186:44:186:52":8,"s:187:2:190:Infinity":67,"f:187:13:187:25":8,"s:188:4:188:Infinity":68,"s:189:4:189:Infinity":69,"s:195:18:195:Infinity":70,"b:195:18:195:49:195:49:195:Infinity":9,"b:197:0:207:Infinity:202:7:207:Infinity":10,"s:197:0:207:Infinity":71,"s:198:2:201:Infinity":72,"f:198:12:198:19":9,"s:199:4:199:Infinity":73,"s:200:4:200:Infinity":74,"s:203:2:206:Infinity":75,"f:203:13:203:20":10,"s:204:4:204:Infinity":76,"s:205:4:205:Infinity":77},"fnNames":{}}}
,"C:\\Users\\Usuario\\Projetos\\AsharFinance\\ashar_mcp\\src\\services\\asharApi.ts": {"path":"C:\\Users\\Usuario\\Projetos\\AsharFinance\\ashar_mcp\\src\\services\\asharApi.ts","statementMap":{"0":{"start":{"line":19,"column":21},"end":{"line":19,"column":null}},"1":{"start":{"line":20,"column":21},"end":{"line":20,"column":null}},"2":{"start":{"line":21,"column":24},"end":{"line":21,"column":null}},"3":{"start":{"line":22,"column":21},"end":{"line":22,"column":null}},"4":{"start":{"line":23,"column":19},"end":{"line":23,"column":null}},"5":{"start":{"line":24,"column":19},"end":{"line":24,"column":null}},"6":{"start":{"line":29,"column":2},"end":{"line":29,"column":null}},"7":{"start":{"line":29,"column":40},"end":{"line":29,"column":null}},"8":{"start":{"line":30,"column":20},"end":{"line":30,"column":null}},"9":{"start":{"line":31,"column":17},"end":{"line":31,"column":null}},"10":{"start":{"line":32,"column":2},"end":{"line":36,"column":null}},"11":{"start":{"line":33,"column":4},"end":{"line":33,"column":null}},"12":{"start":{"line":35,"column":4},"end":{"line":35,"column":null}},"13":{"start":{"line":41,"column":18},"end":{"line":41,"column":null}},"14":{"start":{"line":43,"column":2},"end":{"line":43,"column":null}},"15":{"start":{"line":44,"column":2},"end":{"line":44,"column":null}},"16":{"start":{"line":49,"column":36},"end":{"line":49,"column":null}},"17":{"start":{"line":50,"column":38},"end":{"line":50,"column":null}},"18":{"start":{"line":61,"column":2},"end":{"line":63,"column":null}},"19":{"start":{"line":62,"column":4},"end":{"line":62,"column":null}},"20":{"start":{"line":65,"column":14},"end":{"line":65,"column":null}},"21":{"start":{"line":66,"column":2},"end":{"line":68,"column":null}},"22":{"start":{"line":67,"column":4},"end":{"line":67,"column":null}},"23":{"start":{"line":70,"column":2},"end":{"line":72,"column":null}},"24":{"start":{"line":71,"column":4},"end":{"line":71,"column":null}},"25":{"start":{"line":74,"column":17},"end":{"line":76,"column":null}},"26":{"start":{"line":78,"column":14},"end":{"line":78,"column":null}},"27":{"start":{"line":79,"column":18},"end":{"line":81,"column":null}},"28":{"start":{"line":83,"column":20},"end":{"line":89,"column":null}},"29":{"start":{"line":91,"column":2},"end":{"line":91,"column":null}},"30":{"start":{"line":92,"column":2},"end":{"line":92,"column":null}},"31":{"start":{"line":94,"column":2},"end":{"line":94,"column":null}},"32":{"start":{"line":115,"column":4},"end":{"line":115,"column":null}},"33":{"start":{"line":116,"column":4},"end":{"line":116,"column":null}},"34":{"start":{"line":117,"column":4},"end":{"line":117,"column":null}},"35":{"start":{"line":118,"column":4},"end":{"line":118,"column":null}},"36":{"start":{"line":119,"column":4},"end":{"line":119,"column":null}},"37":{"start":{"line":120,"column":4},"end":{"line":120,"column":null}},"38":{"start":{"line":125,"column":14},"end":{"line":125,"column":null}},"39":{"start":{"line":126,"column":2},"end":{"line":128,"column":null}},"40":{"start":{"line":127,"column":4},"end":{"line":127,"column":null}},"41":{"start":{"line":129,"column":2},"end":{"line":131,"column":null}},"42":{"start":{"line":130,"column":4},"end":{"line":130,"column":null}},"43":{"start":{"line":132,"column":2},"end":{"line":132,"column":null}},"44":{"start":{"line":145,"column":20},"end":{"line":145,"column":null}},"45":{"start":{"line":146,"column":14},"end":{"line":146,"column":null}},"46":{"start":{"line":147,"column":20},"end":{"line":147,"column":null}},"47":{"start":{"line":149,"column":42},"end":{"line":154,"column":null}},"48":{"start":{"line":157,"column":14},"end":{"line":157,"column":null}},"49":{"start":{"line":158,"column":2},"end":{"line":160,"column":null}},"50":{"start":{"line":159,"column":4},"end":{"line":159,"column":null}},"51":{"start":{"line":162,"column":32},"end":{"line":162,"column":null}},"52":{"start":{"line":164,"column":2},"end":{"line":225,"column":null}},"53":{"start":{"line":164,"column":21},"end":{"line":164,"column":24}},"54":{"start":{"line":165,"column":4},"end":{"line":217,"column":null}},"55":{"start":{"line":166,"column":6},"end":{"line":166,"column":null}},"56":{"start":{"line":168,"column":18},"end":{"line":173,"column":null}},"57":{"start":{"line":175,"column":22},"end":{"line":175,"column":null}},"58":{"start":{"line":176,"column":24},"end":{"line":176,"column":null}},"59":{"start":{"line":176,"column":53},"end":{"line":176,"column":57}},"60":{"start":{"line":178,"column":6},"end":{"line":181,"column":null}},"61":{"start":{"line":179,"column":8},"end":{"line":179,"column":null}},"62":{"start":{"line":180,"column":8},"end":{"line":180,"column":null}},"63":{"start":{"line":184,"column":42},"end":{"line":190,"column":null}},"64":{"start":{"line":192,"column":6},"end":{"line":195,"column":null}},"65":{"start":{"line":198,"column":6},"end":{"line":200,"column":null}},"66":{"start":{"line":199,"column":8},"end":{"line":199,"column":null}},"67":{"start":{"line":202,"column":6},"end":{"line":202,"column":null}},"68":{"start":{"line":205,"column":6},"end":{"line":216,"column":null}},"69":{"start":{"line":206,"column":8},"end":{"line":206,"column":null}},"70":{"start":{"line":207,"column":8},"end":{"line":209,"column":null}},"71":{"start":{"line":208,"column":10},"end":{"line":208,"column":null}},"72":{"start":{"line":212,"column":23},"end":{"line":212,"column":null}},"73":{"start":{"line":213,"column":8},"end":{"line":213,"column":null}},"74":{"start":{"line":214,"column":8},"end":{"line":214,"column":null}},"75":{"start":{"line":215,"column":8},"end":{"line":215,"column":null}},"76":{"start":{"line":220,"column":4},"end":{"line":224,"column":null}},"77":{"start":{"line":221,"column":20},"end":{"line":221,"column":null}},"78":{"start":{"line":222,"column":6},"end":{"line":222,"column":null}},"79":{"start":{"line":223,"column":6},"end":{"line":223,"column":null}},"80":{"start":{"line":223,"column":31},"end":{"line":223,"column":51}},"81":{"start":{"line":228,"column":18},"end":{"line":228,"column":null}},"82":{"start":{"line":229,"column":2},"end":{"line":229,"column":null}},"83":{"start":{"line":230,"column":2},"end":{"line":235,"column":null}},"84":{"start":{"line":239,"column":2},"end":{"line":248,"column":null}},"85":{"start":{"line":240,"column":14},"end":{"line":240,"column":null}},"86":{"start":{"line":241,"column":14},"end":{"line":241,"column":null}},"87":{"start":{"line":242,"column":14},"end":{"line":242,"column":null}},"88":{"start":{"line":243,"column":14},"end":{"line":243,"column":null}},"89":{"start":{"line":244,"column":14},"end":{"line":244,"column":null}},"90":{"start":{"line":246,"column":6},"end":{"line":246,"column":null}},"91":{"start":{"line":246,"column":25},"end":{"line":246,"column":null}},"92":{"start":{"line":247,"column":6},"end":{"line":247,"column":null}},"93":{"start":{"line":259,"column":2},"end":{"line":259,"column":null}},"94":{"start":{"line":267,"column":18},"end":{"line":267,"column":null}},"95":{"start":{"line":268,"column":47},"end":{"line":268,"column":null}},"96":{"start":{"line":269,"column":2},"end":{"line":271,"column":null}},"97":{"start":{"line":270,"column":4},"end":{"line":270,"column":null}},"98":{"start":{"line":272,"column":2},"end":{"line":272,"column":null}},"99":{"start":{"line":279,"column":15},"end":{"line":279,"column":null}},"100":{"start":{"line":280,"column":2},"end":{"line":286,"column":null}},"101":{"start":{"line":293,"column":2},"end":{"line":293,"column":null}},"102":{"start":{"line":298,"column":15},"end":{"line":298,"column":null}},"103":{"start":{"line":299,"column":2},"end":{"line":299,"column":null}},"104":{"start":{"line":299,"column":27},"end":{"line":299,"column":null}},"105":{"start":{"line":300,"column":2},"end":{"line":300,"column":null}},"106":{"start":{"line":305,"column":15},"end":{"line":305,"column":null}},"107":{"start":{"line":306,"column":2},"end":{"line":306,"column":null}},"108":{"start":{"line":306,"column":27},"end":{"line":306,"column":null}},"109":{"start":{"line":307,"column":2},"end":{"line":307,"column":null}},"110":{"start":{"line":318,"column":32},"end":{"line":321,"column":null}},"111":{"start":{"line":319,"column":37},"end":{"line":319,"column":82}},"112":{"start":{"line":320,"column":45},"end":{"line":320,"column":47}},"113":{"start":{"line":322,"column":2},"end":{"line":322,"column":null}},"114":{"start":{"line":333,"column":12},"end":{"line":333,"column":null}},"115":{"start":{"line":334,"column":12},"end":{"line":334,"column":null}},"116":{"start":{"line":336,"column":2},"end":{"line":336,"column":null}},"117":{"start":{"line":336,"column":15},"end":{"line":336,"column":null}},"118":{"start":{"line":338,"column":2},"end":{"line":348,"column":null}},"119":{"start":{"line":339,"column":19},"end":{"line":339,"column":null}},"120":{"start":{"line":340,"column":23},"end":{"line":340,"column":null}},"121":{"start":{"line":341,"column":21},"end":{"line":341,"column":null}},"122":{"start":{"line":342,"column":4},"end":{"line":342,"column":null}},"123":{"start":{"line":342,"column":24},"end":{"line":342,"column":null}},"124":{"start":{"line":343,"column":4},"end":{"line":347,"column":null}},"125":{"start":{"line":350,"column":15},"end":{"line":355,"column":null}},"126":{"start":{"line":356,"column":2},"end":{"line":360,"column":null}},"127":{"start":{"line":365,"column":2},"end":{"line":365,"column":null}},"128":{"start":{"line":370,"column":2},"end":{"line":370,"column":null}},"129":{"start":{"line":375,"column":2},"end":{"line":375,"column":null}},"130":{"start":{"line":380,"column":15},"end":{"line":380,"column":null}},"131":{"start":{"line":381,"column":2},"end":{"line":381,"column":null}},"132":{"start":{"line":394,"column":2},"end":{"line":399,"column":null}},"133":{"start":{"line":413,"column":2},"end":{"line":419,"column":null}},"134":{"start":{"line":424,"column":2},"end":{"line":429,"column":null}},"135":{"start":{"line":437,"column":16},"end":{"line":437,"column":null}},"136":{"start":{"line":438,"column":17},"end":{"line":438,"column":null}},"137":{"start":{"line":439,"column":2},"end":{"line":439,"column":null}},"138":{"start":{"line":440,"column":2},"end":{"line":440,"column":null}},"139":{"start":{"line":441,"column":2},"end":{"line":441,"column":null}},"140":{"start":{"line":441,"column":21},"end":{"line":441,"column":null}},"141":{"start":{"line":442,"column":15},"end":{"line":447,"column":null}},"142":{"start":{"line":448,"column":18},"end":{"line":448,"column":null}},"143":{"start":{"line":449,"column":2},"end":{"line":449,"column":null}},"144":{"start":{"line":449,"column":36},"end":{"line":449,"column":66}},"145":{"start":{"line":458,"column":2},"end":{"line":458,"column":null}},"146":{"start":{"line":464,"column":2},"end":{"line":464,"column":null}},"147":{"start":{"line":486,"column":2},"end":{"line":486,"column":null}},"148":{"start":{"line":490,"column":2},"end":{"line":490,"column":null}},"149":{"start":{"line":494,"column":2},"end":{"line":494,"column":null}},"150":{"start":{"line":500,"column":2},"end":{"line":500,"column":null}},"151":{"start":{"line":520,"column":2},"end":{"line":534,"column":null}},"152":{"start":{"line":540,"column":2},"end":{"line":540,"column":null}},"153":{"start":{"line":547,"column":2},"end":{"line":547,"column":null}},"154":{"start":{"line":551,"column":2},"end":{"line":551,"column":null}},"155":{"start":{"line":555,"column":2},"end":{"line":555,"column":null}},"156":{"start":{"line":562,"column":16},"end":{"line":562,"column":null}},"157":{"start":{"line":563,"column":2},"end":{"line":568,"column":null}},"158":{"start":{"line":564,"column":17},"end":{"line":564,"column":null}},"159":{"start":{"line":565,"column":4},"end":{"line":565,"column":null}},"160":{"start":{"line":567,"column":4},"end":{"line":567,"column":null}},"161":{"start":{"line":578,"column":2},"end":{"line":602,"column":null}},"162":{"start":{"line":579,"column":19},"end":{"line":579,"column":null}},"163":{"start":{"line":580,"column":23},"end":{"line":580,"column":null}},"164":{"start":{"line":582,"column":4},"end":{"line":601,"column":null}},"165":{"start":{"line":584,"column":8},"end":{"line":584,"column":null}},"166":{"start":{"line":586,"column":8},"end":{"line":586,"column":null}},"167":{"start":{"line":588,"column":8},"end":{"line":588,"column":null}},"168":{"start":{"line":590,"column":8},"end":{"line":590,"column":null}},"169":{"start":{"line":592,"column":8},"end":{"line":592,"column":null}},"170":{"start":{"line":594,"column":8},"end":{"line":594,"column":null}},"171":{"start":{"line":596,"column":8},"end":{"line":596,"column":null}},"172":{"start":{"line":598,"column":8},"end":{"line":598,"column":null}},"173":{"start":{"line":600,"column":8},"end":{"line":600,"column":null}},"174":{"start":{"line":604,"column":2},"end":{"line":606,"column":null}},"175":{"start":{"line":605,"column":4},"end":{"line":605,"column":null}},"176":{"start":{"line":608,"column":2},"end":{"line":608,"column":null}},"177":{"start":{"line":615,"column":2},"end":{"line":624,"column":null}}},"fnMap":{"0":{"name":"log","decl":{"start":{"line":28,"column":9},"end":{"line":28,"column":13}},"loc":{"start":{"line":28,"column":88},"end":{"line":37,"column":null}},"line":28},"1":{"name":"nextRequestId","decl":{"start":{"line":42,"column":9},"end":{"line":42,"column":33}},"loc":{"start":{"line":42,"column":33},"end":{"line":45,"column":null}},"line":42},"2":{"name":"getCaaSAuthHeader","decl":{"start":{"line":60,"column":16},"end":{"line":60,"column":44}},"loc":{"start":{"line":60,"column":44},"end":{"line":95,"column":null}},"line":60},"3":{"name":"constructor","decl":{"start":{"line":114,"column":2},"end":{"line":114,"column":14}},"loc":{"start":{"line":114,"column":38},"end":{"line":121,"column":null}},"line":114},"4":{"name":"classifyNetworkError","decl":{"start":{"line":124,"column":16},"end":{"line":124,"column":37}},"loc":{"start":{"line":124,"column":65},"end":{"line":133,"column":null}},"line":124},"5":{"name":"requestWithRetry","decl":{"start":{"line":137,"column":15},"end":{"line":137,"column":null}},"loc":{"start":{"line":144,"column":14},"end":{"line":236,"column":null}},"line":144},"6":{"name":"(anonymous_6)","decl":{"start":{"line":176,"column":41},"end":{"line":176,"column":53}},"loc":{"start":{"line":176,"column":53},"end":{"line":176,"column":57}},"line":176},"7":{"name":"(anonymous_7)","decl":{"start":{"line":223,"column":16},"end":{"line":223,"column":25}},"loc":{"start":{"line":223,"column":31},"end":{"line":223,"column":51}},"line":223},"8":{"name":"httpStatusToErrorCode","decl":{"start":{"line":238,"column":16},"end":{"line":238,"column":38}},"loc":{"start":{"line":238,"column":65},"end":{"line":249,"column":null}},"line":238},"9":{"name":"request","decl":{"start":{"line":253,"column":15},"end":{"line":253,"column":null}},"loc":{"start":{"line":258,"column":14},"end":{"line":260,"column":null}},"line":258},"10":{"name":"caasRequest","decl":{"start":{"line":262,"column":15},"end":{"line":262,"column":null}},"loc":{"start":{"line":266,"column":14},"end":{"line":273,"column":null}},"line":266},"11":{"name":"getBalances","decl":{"start":{"line":278,"column":22},"end":{"line":278,"column":34}},"loc":{"start":{"line":278,"column":84},"end":{"line":287,"column":null}},"line":278},"12":{"name":"resolveProvider","decl":{"start":{"line":292,"column":16},"end":{"line":292,"column":32}},"loc":{"start":{"line":292,"column":81},"end":{"line":294,"column":null}},"line":292},"13":{"name":"listCustodyAddresses","decl":{"start":{"line":297,"column":22},"end":{"line":297,"column":43}},"loc":{"start":{"line":297,"column":76},"end":{"line":301,"column":null}},"line":297},"14":{"name":"getSupportedPairs","decl":{"start":{"line":304,"column":22},"end":{"line":304,"column":40}},"loc":{"start":{"line":304,"column":73},"end":{"line":308,"column":null}},"line":304},"15":{"name":"getWalletComposition","decl":{"start":{"line":314,"column":22},"end":{"line":314,"column":43}},"loc":{"start":{"line":317,"column":3},"end":{"line":323,"column":null}},"line":317},"16":{"name":"(anonymous_16)","decl":{"start":{"line":319,"column":24},"end":{"line":319,"column":37}},"loc":{"start":{"line":319,"column":37},"end":{"line":319,"column":82}},"line":319},"17":{"name":"(anonymous_17)","decl":{"start":{"line":320,"column":33},"end":{"line":320,"column":45}},"loc":{"start":{"line":320,"column":45},"end":{"line":320,"column":47}},"line":320},"18":{"name":"getExchangeRate","decl":{"start":{"line":328,"column":22},"end":{"line":328,"column":null}},"loc":{"start":{"line":332,"column":64},"end":{"line":361,"column":null}},"line":332},"19":{"name":"getPrices","decl":{"start":{"line":364,"column":22},"end":{"line":364,"column":32}},"loc":{"start":{"line":364,"column":82},"end":{"line":366,"column":null}},"line":364},"20":{"name":"createBrlDeposit","decl":{"start":{"line":369,"column":22},"end":{"line":369,"column":39}},"loc":{"start":{"line":369,"column":89},"end":{"line":371,"column":null}},"line":369},"21":{"name":"getBrlDepositStatus","decl":{"start":{"line":374,"column":22},"end":{"line":374,"column":42}},"loc":{"start":{"line":374,"column":87},"end":{"line":376,"column":null}},"line":374},"22":{"name":"listBrlDeposits","decl":{"start":{"line":379,"column":22},"end":{"line":379,"column":38}},"loc":{"start":{"line":379,"column":91},"end":{"line":382,"column":null}},"line":379},"23":{"name":"createConversion","decl":{"start":{"line":385,"column":22},"end":{"line":385,"column":null}},"loc":{"start":{"line":393,"column":16},"end":{"line":400,"column":null}},"line":393},"24":{"name":"createCryptoWithdrawal","decl":{"start":{"line":403,"column":22},"end":{"line":403,"column":null}},"loc":{"start":{"line":412,"column":16},"end":{"line":420,"column":null}},"line":412},"25":{"name":"getCryptoWithdrawalStatus","decl":{"start":{"line":423,"column":22},"end":{"line":423,"column":48}},"loc":{"start":{"line":423,"column":99},"end":{"line":430,"column":null}},"line":423},"26":{"name":"listCryptoWithdrawals","decl":{"start":{"line":433,"column":22},"end":{"line":433,"column":null}},"loc":{"start":{"line":436,"column":18},"end":{"line":450,"column":null}},"line":436},"27":{"name":"(anonymous_27)","decl":{"start":{"line":449,"column":17},"end":{"line":449,"column":25}},"loc":{"start":{"line":449,"column":36},"end":{"line":449,"column":66}},"line":449},"28":{"name":"getCryptoDepositAddress","decl":{"start":{"line":453,"column":22},"end":{"line":453,"column":null}},"loc":{"start":{"line":457,"column":16},"end":{"line":459,"column":null}},"line":457},"29":{"name":"listBankAccounts","decl":{"start":{"line":463,"column":22},"end":{"line":463,"column":39}},"loc":{"start":{"line":463,"column":72},"end":{"line":465,"column":null}},"line":463},"30":{"name":"createBankAccount","decl":{"start":{"line":467,"column":22},"end":{"line":467,"column":null}},"loc":{"start":{"line":485,"column":16},"end":{"line":487,"column":null}},"line":485},"31":{"name":"updateBankAccount","decl":{"start":{"line":489,"column":22},"end":{"line":489,"column":40}},"loc":{"start":{"line":489,"column":114},"end":{"line":491,"column":null}},"line":489},"32":{"name":"deleteBankAccount","decl":{"start":{"line":493,"column":22},"end":{"line":493,"column":40}},"loc":{"start":{"line":493,"column":83},"end":{"line":495,"column":null}},"line":493},"33":{"name":"listRemittances","decl":{"start":{"line":499,"column":22},"end":{"line":499,"column":38}},"loc":{"start":{"line":499,"column":71},"end":{"line":501,"column":null}},"line":499},"34":{"name":"createRemittance","decl":{"start":{"line":503,"column":22},"end":{"line":503,"column":null}},"loc":{"start":{"line":519,"column":16},"end":{"line":535,"column":null}},"line":519},"35":{"name":"listWebhooks","decl":{"start":{"line":539,"column":22},"end":{"line":539,"column":35}},"loc":{"start":{"line":539,"column":68},"end":{"line":541,"column":null}},"line":539},"36":{"name":"createWebhook","decl":{"start":{"line":543,"column":22},"end":{"line":543,"column":null}},"loc":{"start":{"line":546,"column":16},"end":{"line":548,"column":null}},"line":546},"37":{"name":"deleteWebhook","decl":{"start":{"line":550,"column":22},"end":{"line":550,"column":36}},"loc":{"start":{"line":550,"column":79},"end":{"line":552,"column":null}},"line":550},"38":{"name":"testWebhook","decl":{"start":{"line":554,"column":22},"end":{"line":554,"column":34}},"loc":{"start":{"line":554,"column":77},"end":{"line":556,"column":null}},"line":554},"39":{"name":"healthCheck","decl":{"start":{"line":561,"column":22},"end":{"line":561,"column":97}},"loc":{"start":{"line":561,"column":97},"end":{"line":569,"column":null}},"line":561},"40":{"name":"handleApiError","decl":{"start":{"line":577,"column":16},"end":{"line":577,"column":31}},"loc":{"start":{"line":577,"column":55},"end":{"line":609,"column":null}},"line":577},"41":{"name":"getDiagnostics","decl":{"start":{"line":614,"column":16},"end":{"line":614,"column":58}},"loc":{"start":{"line":614,"column":58},"end":{"line":625,"column":null}},"line":614}},"branchMap":{"0":{"loc":{"start":{"line":19,"column":21},"end":{"line":19,"column":null}},"type":"binary-expr","locations":[{"start":{"line":19,"column":21},"end":{"line":19,"column":50}},{"start":{"line":19,"column":50},"end":{"line":19,"column":null}}],"line":19},"1":{"loc":{"start":{"line":20,"column":21},"end":{"line":20,"column":null}},"type":"binary-expr","locations":[{"start":{"line":20,"column":21},"end":{"line":20,"column":49}},{"start":{"line":20,"column":49},"end":{"line":20,"column":null}}],"line":20},"2":{"loc":{"start":{"line":21,"column":24},"end":{"line":21,"column":null}},"type":"binary-expr","locations":[{"start":{"line":21,"column":24},"end":{"line":21,"column":53}},{"start":{"line":21,"column":53},"end":{"line":21,"column":null}}],"line":21},"3":{"loc":{"start":{"line":22,"column":21},"end":{"line":22,"column":null}},"type":"binary-expr","locations":[{"start":{"line":22,"column":21},"end":{"line":22,"column":49}},{"start":{"line":22,"column":49},"end":{"line":22,"column":null}}],"line":22},"4":{"loc":{"start":{"line":23,"column":28},"end":{"line":23,"column":69}},"type":"binary-expr","locations":[{"start":{"line":23,"column":28},"end":{"line":23,"column":60}},{"start":{"line":23,"column":60},"end":{"line":23,"column":69}}],"line":23},"5":{"loc":{"start":{"line":29,"column":2},"end":{"line":29,"column":null}},"type":"if","locations":[{"start":{"line":29,"column":2},"end":{"line":29,"column":null}},{"start":{},"end":{}}],"line":29},"6":{"loc":{"start":{"line":29,"column":6},"end":{"line":29,"column":40}},"type":"binary-expr","locations":[{"start":{"line":29,"column":6},"end":{"line":29,"column":27}},{"start":{"line":29,"column":27},"end":{"line":29,"column":40}}],"line":29},"7":{"loc":{"start":{"line":32,"column":2},"end":{"line":36,"column":null}},"type":"if","locations":[{"start":{"line":32,"column":2},"end":{"line":36,"column":null}},{"start":{"line":34,"column":9},"end":{"line":36,"column":null}}],"line":32},"8":{"loc":{"start":{"line":61,"column":2},"end":{"line":63,"column":null}},"type":"if","locations":[{"start":{"line":61,"column":2},"end":{"line":63,"column":null}},{"start":{},"end":{}}],"line":61},"9":{"loc":{"start":{"line":66,"column":2},"end":{"line":68,"column":null}},"type":"if","locations":[{"start":{"line":66,"column":2},"end":{"line":68,"column":null}},{"start":{},"end":{}}],"line":66},"10":{"loc":{"start":{"line":66,"column":6},"end":{"line":66,"column":55}},"type":"binary-expr","locations":[{"start":{"line":66,"column":6},"end":{"line":66,"column":24}},{"start":{"line":66,"column":24},"end":{"line":66,"column":55}}],"line":66},"11":{"loc":{"start":{"line":70,"column":2},"end":{"line":72,"column":null}},"type":"if","locations":[{"start":{"line":70,"column":2},"end":{"line":72,"column":null}},{"start":{},"end":{}}],"line":70},"12":{"loc":{"start":{"line":117,"column":18},"end":{"line":117,"column":null}},"type":"binary-expr","locations":[{"start":{"line":117,"column":18},"end":{"line":117,"column":35}},{"start":{"line":117,"column":35},"end":{"line":117,"column":null}}],"line":117},"13":{"loc":{"start":{"line":126,"column":2},"end":{"line":128,"column":null}},"type":"if","locations":[{"start":{"line":126,"column":2},"end":{"line":128,"column":null}},{"start":{},"end":{}}],"line":126},"14":{"loc":{"start":{"line":126,"column":6},"end":{"line":126,"column":83}},"type":"binary-expr","locations":[{"start":{"line":126,"column":6},"end":{"line":126,"column":33}},{"start":{"line":126,"column":33},"end":{"line":126,"column":58}},{"start":{"line":126,"column":58},"end":{"line":126,"column":83}}],"line":126},"15":{"loc":{"start":{"line":129,"column":2},"end":{"line":131,"column":null}},"type":"if","locations":[{"start":{"line":129,"column":2},"end":{"line":131,"column":null}},{"start":{},"end":{}}],"line":129},"16":{"loc":{"start":{"line":129,"column":6},"end":{"line":129,"column":120}},"type":"binary-expr","locations":[{"start":{"line":129,"column":6},"end":{"line":129,"column":38}},{"start":{"line":129,"column":38},"end":{"line":129,"column":70}},{"start":{"line":129,"column":70},"end":{"line":129,"column":99}},{"start":{"line":129,"column":99},"end":{"line":129,"column":120}}],"line":129},"17":{"loc":{"start":{"line":142,"column":2},"end":{"line":142,"column":null}},"type":"default-arg","locations":[{"start":{"line":142,"column":20},"end":{"line":142,"column":null}}],"line":142},"18":{"loc":{"start":{"line":143,"column":2},"end":{"line":143,"column":null}},"type":"default-arg","locations":[{"start":{"line":143,"column":41},"end":{"line":143,"column":null}}],"line":143},"19":{"loc":{"start":{"line":157,"column":14},"end":{"line":157,"column":null}},"type":"binary-expr","locations":[{"start":{"line":157,"column":14},"end":{"line":157,"column":24}},{"start":{"line":157,"column":24},"end":{"line":157,"column":null}}],"line":157},"20":{"loc":{"start":{"line":158,"column":2},"end":{"line":160,"column":null}},"type":"if","locations":[{"start":{"line":158,"column":2},"end":{"line":160,"column":null}},{"start":{},"end":{}}],"line":158},"21":{"loc":{"start":{"line":158,"column":6},"end":{"line":158,"column":36}},"type":"binary-expr","locations":[{"start":{"line":158,"column":6},"end":{"line":158,"column":13}},{"start":{"line":158,"column":13},"end":{"line":158,"column":36}}],"line":158},"22":{"loc":{"start":{"line":171,"column":14},"end":{"line":171,"column":null}},"type":"cond-expr","locations":[{"start":{"line":171,"column":21},"end":{"line":171,"column":44}},{"start":{"line":171,"column":44},"end":{"line":171,"column":null}}],"line":171},"23":{"loc":{"start":{"line":178,"column":6},"end":{"line":181,"column":null}},"type":"if","locations":[{"start":{"line":178,"column":6},"end":{"line":181,"column":null}},{"start":{},"end":{}}],"line":178},"24":{"loc":{"start":{"line":186,"column":17},"end":{"line":186,"column":null}},"type":"binary-expr","locations":[{"start":{"line":186,"column":17},"end":{"line":186,"column":32}},{"start":{"line":186,"column":32},"end":{"line":186,"column":49}},{"start":{"line":186,"column":49},"end":{"line":186,"column":null}}],"line":186},"25":{"loc":{"start":{"line":198,"column":6},"end":{"line":200,"column":null}},"type":"if","locations":[{"start":{"line":198,"column":6},"end":{"line":200,"column":null}},{"start":{},"end":{}}],"line":198},"26":{"loc":{"start":{"line":205,"column":6},"end":{"line":216,"column":null}},"type":"if","locations":[{"start":{"line":205,"column":6},"end":{"line":216,"column":null}},{"start":{"line":210,"column":13},"end":{"line":216,"column":null}}],"line":205},"27":{"loc":{"start":{"line":207,"column":8},"end":{"line":209,"column":null}},"type":"if","locations":[{"start":{"line":207,"column":8},"end":{"line":209,"column":null}},{"start":{},"end":{}}],"line":207},"28":{"loc":{"start":{"line":207,"column":12},"end":{"line":207,"column":62}},"type":"binary-expr","locations":[{"start":{"line":207,"column":12},"end":{"line":207,"column":25}},{"start":{"line":207,"column":25},"end":{"line":207,"column":62}}],"line":207},"29":{"loc":{"start":{"line":220,"column":4},"end":{"line":224,"column":null}},"type":"if","locations":[{"start":{"line":220,"column":4},"end":{"line":224,"column":null}},{"start":{},"end":{}}],"line":220},"30":{"loc":{"start":{"line":230,"column":8},"end":{"line":235,"column":null}},"type":"binary-expr","locations":[{"start":{"line":230,"column":8},"end":{"line":230,"column":21}},{"start":{"line":230,"column":21},"end":{"line":235,"column":null}}],"line":230},"31":{"loc":{"start":{"line":239,"column":2},"end":{"line":248,"column":null}},"type":"switch","locations":[{"start":{"line":240,"column":4},"end":{"line":240,"column":null}},{"start":{"line":241,"column":4},"end":{"line":241,"column":null}},{"start":{"line":242,"column":4},"end":{"line":242,"column":null}},{"start":{"line":243,"column":4},"end":{"line":243,"column":null}},{"start":{"line":244,"column":4},"end":{"line":244,"column":null}},{"start":{"line":245,"column":4},"end":{"line":247,"column":null}}],"line":239},"32":{"loc":{"start":{"line":246,"column":6},"end":{"line":246,"column":null}},"type":"if","locations":[{"start":{"line":246,"column":6},"end":{"line":246,"column":null}},{"start":{},"end":{}}],"line":246},"33":{"loc":{"start":{"line":269,"column":2},"end":{"line":271,"column":null}},"type":"if","locations":[{"start":{"line":269,"column":2},"end":{"line":271,"column":null}},{"start":{},"end":{}}],"line":269},"34":{"loc":{"start":{"line":281,"column":16},"end":{"line":281,"column":38}},"type":"binary-expr","locations":[{"start":{"line":281,"column":16},"end":{"line":281,"column":37}},{"start":{"line":281,"column":37},"end":{"line":281,"column":38}}],"line":281},"35":{"loc":{"start":{"line":282,"column":16},"end":{"line":282,"column":38}},"type":"binary-expr","locations":[{"start":{"line":282,"column":16},"end":{"line":282,"column":37}},{"start":{"line":282,"column":37},"end":{"line":282,"column":38}}],"line":282},"36":{"loc":{"start":{"line":283,"column":16},"end":{"line":283,"column":38}},"type":"binary-expr","locations":[{"start":{"line":283,"column":16},"end":{"line":283,"column":37}},{"start":{"line":283,"column":37},"end":{"line":283,"column":38}}],"line":283},"37":{"loc":{"start":{"line":284,"column":17},"end":{"line":284,"column":40}},"type":"binary-expr","locations":[{"start":{"line":284,"column":17},"end":{"line":284,"column":39}},{"start":{"line":284,"column":39},"end":{"line":284,"column":40}}],"line":284},"38":{"loc":{"start":{"line":285,"column":17},"end":{"line":285,"column":40}},"type":"binary-expr","locations":[{"start":{"line":285,"column":17},"end":{"line":285,"column":39}},{"start":{"line":285,"column":39},"end":{"line":285,"column":40}}],"line":285},"39":{"loc":{"start":{"line":293,"column":9},"end":{"line":293,"column":null}},"type":"binary-expr","locations":[{"start":{"line":293,"column":9},"end":{"line":293,"column":62}},{"start":{"line":293,"column":62},"end":{"line":293,"column":null}}],"line":293},"40":{"loc":{"start":{"line":293,"column":31},"end":{"line":293,"column":42}},"type":"binary-expr","locations":[{"start":{"line":293,"column":31},"end":{"line":293,"column":40}},{"start":{"line":293,"column":40},"end":{"line":293,"column":42}}],"line":293},"41":{"loc":{"start":{"line":299,"column":2},"end":{"line":299,"column":null}},"type":"if","locations":[{"start":{"line":299,"column":2},"end":{"line":299,"column":null}},{"start":{},"end":{}}],"line":299},"42":{"loc":{"start":{"line":300,"column":9},"end":{"line":300,"column":null}},"type":"cond-expr","locations":[{"start":{"line":300,"column":42},"end":{"line":300,"column":59}},{"start":{"line":300,"column":59},"end":{"line":300,"column":null}}],"line":300},"43":{"loc":{"start":{"line":306,"column":2},"end":{"line":306,"column":null}},"type":"if","locations":[{"start":{"line":306,"column":2},"end":{"line":306,"column":null}},{"start":{},"end":{}}],"line":306},"44":{"loc":{"start":{"line":307,"column":9},"end":{"line":307,"column":null}},"type":"cond-expr","locations":[{"start":{"line":307,"column":38},"end":{"line":307,"column":51}},{"start":{"line":307,"column":51},"end":{"line":307,"column":null}}],"line":307},"45":{"loc":{"start":{"line":336,"column":2},"end":{"line":336,"column":null}},"type":"if","locations":[{"start":{"line":336,"column":2},"end":{"line":336,"column":null}},{"start":{},"end":{}}],"line":336},"46":{"loc":{"start":{"line":338,"column":2},"end":{"line":348,"column":null}},"type":"if","locations":[{"start":{"line":338,"column":2},"end":{"line":348,"column":null}},{"start":{},"end":{}}],"line":338},"47":{"loc":{"start":{"line":338,"column":6},"end":{"line":338,"column":34}},"type":"binary-expr","locations":[{"start":{"line":338,"column":6},"end":{"line":338,"column":21}},{"start":{"line":338,"column":21},"end":{"line":338,"column":34}}],"line":338},"48":{"loc":{"start":{"line":340,"column":23},"end":{"line":340,"column":null}},"type":"cond-expr","locations":[{"start":{"line":340,"column":38},"end":{"line":340,"column":61}},{"start":{"line":340,"column":61},"end":{"line":340,"column":null}}],"line":340},"49":{"loc":{"start":{"line":340,"column":38},"end":{"line":340,"column":61}},"type":"binary-expr","locations":[{"start":{"line":340,"column":38},"end":{"line":340,"column":52}},{"start":{"line":340,"column":52},"end":{"line":340,"column":61}}],"line":340},"50":{"loc":{"start":{"line":340,"column":61},"end":{"line":340,"column":null}},"type":"binary-expr","locations":[{"start":{"line":340,"column":61},"end":{"line":340,"column":74}},{"start":{"line":340,"column":74},"end":{"line":340,"column":null}}],"line":340},"51":{"loc":{"start":{"line":341,"column":21},"end":{"line":341,"column":null}},"type":"cond-expr","locations":[{"start":{"line":341,"column":36},"end":{"line":341,"column":59}},{"start":{"line":341,"column":59},"end":{"line":341,"column":null}}],"line":341},"52":{"loc":{"start":{"line":341,"column":36},"end":{"line":341,"column":59}},"type":"binary-expr","locations":[{"start":{"line":341,"column":36},"end":{"line":341,"column":50}},{"start":{"line":341,"column":50},"end":{"line":341,"column":59}}],"line":341},"53":{"loc":{"start":{"line":341,"column":59},"end":{"line":341,"column":null}},"type":"binary-expr","locations":[{"start":{"line":341,"column":59},"end":{"line":341,"column":72}},{"start":{"line":341,"column":72},"end":{"line":341,"column":null}}],"line":341},"54":{"loc":{"start":{"line":342,"column":4},"end":{"line":342,"column":null}},"type":"if","locations":[{"start":{"line":342,"column":4},"end":{"line":342,"column":null}},{"start":{},"end":{}}],"line":342},"55":{"loc":{"start":{"line":357,"column":17},"end":{"line":357,"column":32}},"type":"binary-expr","locations":[{"start":{"line":357,"column":17},"end":{"line":357,"column":31}},{"start":{"line":357,"column":31},"end":{"line":357,"column":32}}],"line":357},"56":{"loc":{"start":{"line":358,"column":22},"end":{"line":358,"column":42}},"type":"binary-expr","locations":[{"start":{"line":358,"column":22},"end":{"line":358,"column":41}},{"start":{"line":358,"column":41},"end":{"line":358,"column":42}}],"line":358},"57":{"loc":{"start":{"line":359,"column":12},"end":{"line":359,"column":null}},"type":"binary-expr","locations":[{"start":{"line":359,"column":12},"end":{"line":359,"column":28}},{"start":{"line":359,"column":28},"end":{"line":359,"column":null}}],"line":359},"58":{"loc":{"start":{"line":379,"column":38},"end":{"line":379,"column":58}},"type":"default-arg","locations":[{"start":{"line":379,"column":54},"end":{"line":379,"column":58}}],"line":379},"59":{"loc":{"start":{"line":381,"column":9},"end":{"line":381,"column":null}},"type":"cond-expr","locations":[{"start":{"line":381,"column":31},"end":{"line":381,"column":38}},{"start":{"line":381,"column":38},"end":{"line":381,"column":null}}],"line":381},"60":{"loc":{"start":{"line":398,"column":22},"end":{"line":398,"column":null}},"type":"binary-expr","locations":[{"start":{"line":398,"column":22},"end":{"line":398,"column":49}},{"start":{"line":398,"column":49},"end":{"line":398,"column":null}}],"line":398},"61":{"loc":{"start":{"line":434,"column":2},"end":{"line":434,"column":null}},"type":"default-arg","locations":[{"start":{"line":434,"column":48},"end":{"line":434,"column":null}}],"line":434},"62":{"loc":{"start":{"line":437,"column":16},"end":{"line":437,"column":null}},"type":"binary-expr","locations":[{"start":{"line":437,"column":16},"end":{"line":437,"column":33}},{"start":{"line":437,"column":33},"end":{"line":437,"column":null}}],"line":437},"63":{"loc":{"start":{"line":441,"column":2},"end":{"line":441,"column":null}},"type":"if","locations":[{"start":{"line":441,"column":2},"end":{"line":441,"column":null}},{"start":{},"end":{}}],"line":441},"64":{"loc":{"start":{"line":448,"column":18},"end":{"line":448,"column":null}},"type":"cond-expr","locations":[{"start":{"line":448,"column":46},"end":{"line":448,"column":58}},{"start":{"line":448,"column":58},"end":{"line":448,"column":null}}],"line":448},"65":{"loc":{"start":{"line":448,"column":58},"end":{"line":448,"column":null}},"type":"cond-expr","locations":[{"start":{"line":448,"column":80},"end":{"line":448,"column":87}},{"start":{"line":448,"column":87},"end":{"line":448,"column":null}}],"line":448},"66":{"loc":{"start":{"line":524,"column":10},"end":{"line":524,"column":null}},"type":"binary-expr","locations":[{"start":{"line":524,"column":10},"end":{"line":524,"column":23}},{"start":{"line":524,"column":23},"end":{"line":524,"column":null}}],"line":524},"67":{"loc":{"start":{"line":525,"column":15},"end":{"line":525,"column":null}},"type":"binary-expr","locations":[{"start":{"line":525,"column":15},"end":{"line":525,"column":33}},{"start":{"line":525,"column":33},"end":{"line":525,"column":null}}],"line":525},"68":{"loc":{"start":{"line":526,"column":19},"end":{"line":526,"column":null}},"type":"cond-expr","locations":[{"start":{"line":526,"column":37},"end":{"line":526,"column":75}},{"start":{"line":526,"column":75},"end":{"line":526,"column":null}}],"line":526},"69":{"loc":{"start":{"line":527,"column":21},"end":{"line":527,"column":null}},"type":"binary-expr","locations":[{"start":{"line":527,"column":21},"end":{"line":527,"column":45}},{"start":{"line":527,"column":45},"end":{"line":527,"column":null}}],"line":527},"70":{"loc":{"start":{"line":528,"column":19},"end":{"line":528,"column":null}},"type":"binary-expr","locations":[{"start":{"line":528,"column":19},"end":{"line":528,"column":41}},{"start":{"line":528,"column":41},"end":{"line":528,"column":null}}],"line":528},"71":{"loc":{"start":{"line":529,"column":21},"end":{"line":529,"column":null}},"type":"binary-expr","locations":[{"start":{"line":529,"column":21},"end":{"line":529,"column":45}},{"start":{"line":529,"column":45},"end":{"line":529,"column":null}}],"line":529},"72":{"loc":{"start":{"line":530,"column":14},"end":{"line":530,"column":null}},"type":"binary-expr","locations":[{"start":{"line":530,"column":14},"end":{"line":530,"column":31}},{"start":{"line":530,"column":31},"end":{"line":530,"column":null}}],"line":530},"73":{"loc":{"start":{"line":531,"column":17},"end":{"line":531,"column":null}},"type":"binary-expr","locations":[{"start":{"line":531,"column":17},"end":{"line":531,"column":37}},{"start":{"line":531,"column":37},"end":{"line":531,"column":null}}],"line":531},"74":{"loc":{"start":{"line":532,"column":10},"end":{"line":532,"column":null}},"type":"binary-expr","locations":[{"start":{"line":532,"column":10},"end":{"line":532,"column":23}},{"start":{"line":532,"column":23},"end":{"line":532,"column":null}}],"line":532},"75":{"loc":{"start":{"line":533,"column":11},"end":{"line":533,"column":null}},"type":"binary-expr","locations":[{"start":{"line":533,"column":11},"end":{"line":533,"column":25}},{"start":{"line":533,"column":25},"end":{"line":533,"column":null}}],"line":533},"76":{"loc":{"start":{"line":578,"column":2},"end":{"line":602,"column":null}},"type":"if","locations":[{"start":{"line":578,"column":2},"end":{"line":602,"column":null}},{"start":{},"end":{}}],"line":578},"77":{"loc":{"start":{"line":580,"column":23},"end":{"line":580,"column":null}},"type":"cond-expr","locations":[{"start":{"line":580,"column":44},"end":{"line":580,"column":74}},{"start":{"line":580,"column":74},"end":{"line":580,"column":null}}],"line":580},"78":{"loc":{"start":{"line":582,"column":4},"end":{"line":601,"column":null}},"type":"switch","locations":[{"start":{"line":583,"column":6},"end":{"line":584,"column":null}},{"start":{"line":585,"column":6},"end":{"line":586,"column":null}},{"start":{"line":587,"column":6},"end":{"line":588,"column":null}},{"start":{"line":589,"column":6},"end":{"line":590,"column":null}},{"start":{"line":591,"column":6},"end":{"line":592,"column":null}},{"start":{"line":593,"column":6},"end":{"line":594,"column":null}},{"start":{"line":595,"column":6},"end":{"line":596,"column":null}},{"start":{"line":597,"column":6},"end":{"line":598,"column":null}},{"start":{"line":599,"column":6},"end":{"line":600,"column":null}}],"line":582},"79":{"loc":{"start":{"line":600,"column":37},"end":{"line":600,"column":68}},"type":"binary-expr","locations":[{"start":{"line":600,"column":37},"end":{"line":600,"column":53}},{"start":{"line":600,"column":53},"end":{"line":600,"column":68}}],"line":600},"80":{"loc":{"start":{"line":604,"column":2},"end":{"line":606,"column":null}},"type":"if","locations":[{"start":{"line":604,"column":2},"end":{"line":606,"column":null}},{"start":{},"end":{}}],"line":604},"81":{"loc":{"start":{"line":623,"column":23},"end":{"line":623,"column":null}},"type":"cond-expr","locations":[{"start":{"line":623,"column":41},"end":{"line":623,"column":83}},{"start":{"line":623,"column":83},"end":{"line":623,"column":null}}],"line":623}},"s":{"0":13,"1":13,"2":13,"3":13,"4":13,"5":13,"6":261,"7":194,"8":67,"9":67,"10":67,"11":28,"12":39,"13":13,"14":84,"15":84,"16":13,"17":13,"18":6,"19":1,"20":5,"21":5,"22":1,"23":4,"24":1,"25":3,"26":3,"27":3,"28":3,"29":3,"30":3,"31":3,"32":66,"33":66,"34":66,"35":66,"36":66,"37":66,"38":37,"39":37,"40":7,"41":30,"42":29,"43":1,"44":84,"45":84,"46":84,"47":84,"48":84,"49":84,"50":78,"51":84,"52":84,"53":84,"54":111,"55":111,"56":111,"57":84,"58":84,"59":0,"60":84,"61":56,"62":56,"63":28,"64":111,"65":111,"66":16,"67":12,"68":43,"69":16,"70":16,"71":16,"72":27,"73":27,"74":27,"75":27,"76":39,"77":27,"78":27,"79":27,"80":27,"81":39,"82":39,"83":39,"84":47,"85":5,"86":6,"87":3,"88":6,"89":4,"90":23,"91":16,"92":7,"93":79,"94":0,"95":0,"96":0,"97":0,"98":0,"99":9,"100":5,"101":18,"102":8,"103":5,"104":3,"105":2,"106":5,"107":4,"108":1,"109":3,"110":4,"111":2,"112":2,"113":4,"114":3,"115":3,"116":3,"117":1,"118":2,"119":0,"120":0,"121":0,"122":0,"123":0,"124":0,"125":2,"126":2,"127":2,"128":5,"129":4,"130":5,"131":4,"132":3,"133":3,"134":3,"135":4,"136":4,"137":4,"138":4,"139":4,"140":1,"141":4,"142":4,"143":4,"144":7,"145":10,"146":1,"147":3,"148":2,"149":2,"150":1,"151":2,"152":1,"153":1,"154":1,"155":2,"156":5,"157":5,"158":5,"159":2,"160":3,"161":12,"162":9,"163":9,"164":9,"165":2,"166":1,"167":1,"168":1,"169":1,"170":1,"171":1,"172":1,"173":0,"174":3,"175":1,"176":2,"177":4},"f":{"0":261,"1":84,"2":6,"3":66,"4":37,"5":84,"6":0,"7":27,"8":47,"9":79,"10":0,"11":9,"12":18,"13":8,"14":5,"15":4,"16":2,"17":2,"18":3,"19":2,"20":5,"21":4,"22":5,"23":3,"24":3,"25":3,"26":4,"27":7,"28":10,"29":1,"30":3,"31":2,"32":2,"33":1,"34":2,"35":1,"36":1,"37":1,"38":2,"39":5,"40":12,"41":4},"b":{"0":[13,13],"1":[13,13],"2":[13,13],"3":[13,9],"4":[13,13],"5":[194,67],"6":[261,194],"7":[28,39],"8":[1,5],"9":[1,4],"10":[5,1],"11":[1,3],"12":[66,30],"13":[7,30],"14":[37,35,30],"15":[29,1],"16":[30,4,3,2],"17":[84],"18":[84],"19":[84,6],"20":[78,6],"21":[84,78],"22":[38,73],"23":[56,28],"24":[28,0,0],"25":[16,95],"26":[16,27],"27":[16,0],"28":[16,16],"29":[27,12],"30":[39,0],"31":[5,6,3,6,4,23],"32":[16,7],"33":[0,0],"34":[5,1],"35":[9,1],"36":[9,2],"37":[9,2],"38":[9,2],"39":[18,5],"40":[18,3],"41":[3,2],"42":[1,1],"43":[1,3],"44":[2,1],"45":[1,2],"46":[0,2],"47":[2,2],"48":[0,0],"49":[0,0],"50":[0,0],"51":[0,0],"52":[0,0],"53":[0,0],"54":[0,0],"55":[2,0],"56":[3,0],"57":[3,0],"58":[5],"59":[3,1],"60":[3,2],"61":[4],"62":[4,3],"63":[1,3],"64":[2,2],"65":[1,1],"66":[2,1],"67":[2,0],"68":[2,0],"69":[2,2],"70":[2,2],"71":[2,2],"72":[2,2],"73":[2,2],"74":[2,1],"75":[2,1],"76":[9,3],"77":[1,8],"78":[2,1,1,1,1,1,1,1,0],"79":[0,0],"80":[1,2],"81":[0,4]},"meta":{"lastBranch":82,"lastFunction":42,"lastStatement":178,"seen":{"s:19:21:19:Infinity":0,"b:19:21:19:50:19:50:19:Infinity":0,"s:20:21:20:Infinity":1,"b:20:21:20:49:20:49:20:Infinity":1,"s:21:24:21:Infinity":2,"b:21:24:21:53:21:53:21:Infinity":2,"s:22:21:22:Infinity":3,"b:22:21:22:49:22:49:22:Infinity":3,"s:23:19:23:Infinity":4,"b:23:28:23:60:23:60:23:69":4,"s:24:19:24:Infinity":5,"f:28:9:28:13":0,"b:29:2:29:Infinity:undefined:undefined:undefined:undefined":5,"s:29:2:29:Infinity":6,"b:29:6:29:27:29:27:29:40":6,"s:29:40:29:Infinity":7,"s:30:20:30:Infinity":8,"s:31:17:31:Infinity":9,"b:32:2:36:Infinity:34:9:36:Infinity":7,"s:32:2:36:Infinity":10,"s:33:4:33:Infinity":11,"s:35:4:35:Infinity":12,"s:41:18:41:Infinity":13,"f:42:9:42:33":1,"s:43:2:43:Infinity":14,"s:44:2:44:Infinity":15,"s:49:36:49:Infinity":16,"s:50:38:50:Infinity":17,"f:60:16:60:44":2,"b:61:2:63:Infinity:undefined:undefined:undefined:undefined":8,"s:61:2:63:Infinity":18,"s:62:4:62:Infinity":19,"s:65:14:65:Infinity":20,"b:66:2:68:Infinity:undefined:undefined:undefined:undefined":9,"s:66:2:68:Infinity":21,"b:66:6:66:24:66:24:66:55":10,"s:67:4:67:Infinity":22,"b:70:2:72:Infinity:undefined:undefined:undefined:undefined":11,"s:70:2:72:Infinity":23,"s:71:4:71:Infinity":24,"s:74:17:76:Infinity":25,"s:78:14:78:Infinity":26,"s:79:18:81:Infinity":27,"s:83:20:89:Infinity":28,"s:91:2:91:Infinity":29,"s:92:2:92:Infinity":30,"s:94:2:94:Infinity":31,"f:114:2:114:14":3,"s:115:4:115:Infinity":32,"s:116:4:116:Infinity":33,"s:117:4:117:Infinity":34,"b:117:18:117:35:117:35:117:Infinity":12,"s:118:4:118:Infinity":35,"s:119:4:119:Infinity":36,"s:120:4:120:Infinity":37,"f:124:16:124:37":4,"s:125:14:125:Infinity":38,"b:126:2:128:Infinity:undefined:undefined:undefined:undefined":13,"s:126:2:128:Infinity":39,"b:126:6:126:33:126:33:126:58:126:58:126:83":14,"s:127:4:127:Infinity":40,"b:129:2:131:Infinity:undefined:undefined:undefined:undefined":15,"s:129:2:131:Infinity":41,"b:129:6:129:38:129:38:129:70:129:70:129:99:129:99:129:120":16,"s:130:4:130:Infinity":42,"s:132:2:132:Infinity":43,"f:137:15:137:Infinity":5,"b:142:20:142:Infinity":17,"b:143:41:143:Infinity":18,"s:145:20:145:Infinity":44,"s:146:14:146:Infinity":45,"s:147:20:147:Infinity":46,"s:149:42:154:Infinity":47,"s:157:14:157:Infinity":48,"b:157:14:157:24:157:24:157:Infinity":19,"b:158:2:160:Infinity:undefined:undefined:undefined:undefined":20,"s:158:2:160:Infinity":49,"b:158:6:158:13:158:13:158:36":21,"s:159:4:159:Infinity":50,"s:162:32:162:Infinity":51,"s:164:2:225:Infinity":52,"s:164:21:164:24":53,"s:165:4:217:Infinity":54,"s:166:6:166:Infinity":55,"s:168:18:173:Infinity":56,"b:171:21:171:44:171:44:171:Infinity":22,"s:175:22:175:Infinity":57,"s:176:24:176:Infinity":58,"f:176:41:176:53":6,"s:176:53:176:57":59,"b:178:6:181:Infinity:undefined:undefined:undefined:undefined":23,"s:178:6:181:Infinity":60,"s:179:8:179:Infinity":61,"s:180:8:180:Infinity":62,"s:184:42:190:Infinity":63,"b:186:17:186:32:186:32:186:49:186:49:186:Infinity":24,"s:192:6:195:Infinity":64,"b:198:6:200:Infinity:undefined:undefined:undefined:undefined":25,"s:198:6:200:Infinity":65,"s:199:8:199:Infinity":66,"s:202:6:202:Infinity":67,"b:205:6:216:Infinity:210:13:216:Infinity":26,"s:205:6:216:Infinity":68,"s:206:8:206:Infinity":69,"b:207:8:209:Infinity:undefined:undefined:undefined:undefined":27,"s:207:8:209:Infinity":70,"b:207:12:207:25:207:25:207:62":28,"s:208:10:208:Infinity":71,"s:212:23:212:Infinity":72,"s:213:8:213:Infinity":73,"s:214:8:214:Infinity":74,"s:215:8:215:Infinity":75,"b:220:4:224:Infinity:undefined:undefined:undefined:undefined":29,"s:220:4:224:Infinity":76,"s:221:20:221:Infinity":77,"s:222:6:222:Infinity":78,"s:223:6:223:Infinity":79,"f:223:16:223:25":7,"s:223:31:223:51":80,"s:228:18:228:Infinity":81,"s:229:2:229:Infinity":82,"s:230:2:235:Infinity":83,"b:230:8:230:21:230:21:235:Infinity":30,"f:238:16:238:38":8,"b:240:4:240:Infinity:241:4:241:Infinity:242:4:242:Infinity:243:4:243:Infinity:244:4:244:Infinity:245:4:247:Infinity":31,"s:239:2:248:Infinity":84,"s:240:14:240:Infinity":85,"s:241:14:241:Infinity":86,"s:242:14:242:Infinity":87,"s:243:14:243:Infinity":88,"s:244:14:244:Infinity":89,"b:246:6:246:Infinity:undefined:undefined:undefined:undefined":32,"s:246:6:246:Infinity":90,"s:246:25:246:Infinity":91,"s:247:6:247:Infinity":92,"f:253:15:253:Infinity":9,"s:259:2:259:Infinity":93,"f:262:15:262:Infinity":10,"s:267:18:267:Infinity":94,"s:268:47:268:Infinity":95,"b:269:2:271:Infinity:undefined:undefined:undefined:undefined":33,"s:269:2:271:Infinity":96,"s:270:4:270:Infinity":97,"s:272:2:272:Infinity":98,"f:278:22:278:34":11,"s:279:15:279:Infinity":99,"s:280:2:286:Infinity":100,"b:281:16:281:37:281:37:281:38":34,"b:282:16:282:37:282:37:282:38":35,"b:283:16:283:37:283:37:283:38":36,"b:284:17:284:39:284:39:284:40":37,"b:285:17:285:39:285:39:285:40":38,"f:292:16:292:32":12,"s:293:2:293:Infinity":101,"b:293:9:293:62:293:62:293:Infinity":39,"b:293:31:293:40:293:40:293:42":40,"f:297:22:297:43":13,"s:298:15:298:Infinity":102,"b:299:2:299:Infinity:undefined:undefined:undefined:undefined":41,"s:299:2:299:Infinity":103,"s:299:27:299:Infinity":104,"s:300:2:300:Infinity":105,"b:300:42:300:59:300:59:300:Infinity":42,"f:304:22:304:40":14,"s:305:15:305:Infinity":106,"b:306:2:306:Infinity:undefined:undefined:undefined:undefined":43,"s:306:2:306:Infinity":107,"s:306:27:306:Infinity":108,"s:307:2:307:Infinity":109,"b:307:38:307:51:307:51:307:Infinity":44,"f:314:22:314:43":15,"s:318:32:321:Infinity":110,"f:319:24:319:37":16,"s:319:37:319:82":111,"f:320:33:320:45":17,"s:320:45:320:47":112,"s:322:2:322:Infinity":113,"f:328:22:328:Infinity":18,"s:333:12:333:Infinity":114,"s:334:12:334:Infinity":115,"b:336:2:336:Infinity:undefined:undefined:undefined:undefined":45,"s:336:2:336:Infinity":116,"s:336:15:336:Infinity":117,"b:338:2:348:Infinity:undefined:undefined:undefined:undefined":46,"s:338:2:348:Infinity":118,"b:338:6:338:21:338:21:338:34":47,"s:339:19:339:Infinity":119,"s:340:23:340:Infinity":120,"b:340:38:340:61:340:61:340:Infinity":48,"b:340:38:340:52:340:52:340:61":49,"b:340:61:340:74:340:74:340:Infinity":50,"s:341:21:341:Infinity":121,"b:341:36:341:59:341:59:341:Infinity":51,"b:341:36:341:50:341:50:341:59":52,"b:341:59:341:72:341:72:341:Infinity":53,"b:342:4:342:Infinity:undefined:undefined:undefined:undefined":54,"s:342:4:342:Infinity":122,"s:342:24:342:Infinity":123,"s:343:4:347:Infinity":124,"s:350:15:355:Infinity":125,"s:356:2:360:Infinity":126,"b:357:17:357:31:357:31:357:32":55,"b:358:22:358:41:358:41:358:42":56,"b:359:12:359:28:359:28:359:Infinity":57,"f:364:22:364:32":19,"s:365:2:365:Infinity":127,"f:369:22:369:39":20,"s:370:2:370:Infinity":128,"f:374:22:374:42":21,"s:375:2:375:Infinity":129,"f:379:22:379:38":22,"b:379:54:379:58":58,"s:380:15:380:Infinity":130,"s:381:2:381:Infinity":131,"b:381:31:381:38:381:38:381:Infinity":59,"f:385:22:385:Infinity":23,"s:394:2:399:Infinity":132,"b:398:22:398:49:398:49:398:Infinity":60,"f:403:22:403:Infinity":24,"s:413:2:419:Infinity":133,"f:423:22:423:48":25,"s:424:2:429:Infinity":134,"f:433:22:433:Infinity":26,"b:434:48:434:Infinity":61,"s:437:16:437:Infinity":135,"b:437:16:437:33:437:33:437:Infinity":62,"s:438:17:438:Infinity":136,"s:439:2:439:Infinity":137,"s:440:2:440:Infinity":138,"b:441:2:441:Infinity:undefined:undefined:undefined:undefined":63,"s:441:2:441:Infinity":139,"s:441:21:441:Infinity":140,"s:442:15:447:Infinity":141,"s:448:18:448:Infinity":142,"b:448:46:448:58:448:58:448:Infinity":64,"b:448:80:448:87:448:87:448:Infinity":65,"s:449:2:449:Infinity":143,"f:449:17:449:25":27,"s:449:36:449:66":144,"f:453:22:453:Infinity":28,"s:458:2:458:Infinity":145,"f:463:22:463:39":29,"s:464:2:464:Infinity":146,"f:467:22:467:Infinity":30,"s:486:2:486:Infinity":147,"f:489:22:489:40":31,"s:490:2:490:Infinity":148,"f:493:22:493:40":32,"s:494:2:494:Infinity":149,"f:499:22:499:38":33,"s:500:2:500:Infinity":150,"f:503:22:503:Infinity":34,"s:520:2:534:Infinity":151,"b:524:10:524:23:524:23:524:Infinity":66,"b:525:15:525:33:525:33:525:Infinity":67,"b:526:37:526:75:526:75:526:Infinity":68,"b:527:21:527:45:527:45:527:Infinity":69,"b:528:19:528:41:528:41:528:Infinity":70,"b:529:21:529:45:529:45:529:Infinity":71,"b:530:14:530:31:530:31:530:Infinity":72,"b:531:17:531:37:531:37:531:Infinity":73,"b:532:10:532:23:532:23:532:Infinity":74,"b:533:11:533:25:533:25:533:Infinity":75,"f:539:22:539:35":35,"s:540:2:540:Infinity":152,"f:543:22:543:Infinity":36,"s:547:2:547:Infinity":153,"f:550:22:550:36":37,"s:551:2:551:Infinity":154,"f:554:22:554:34":38,"s:555:2:555:Infinity":155,"f:561:22:561:97":39,"s:562:16:562:Infinity":156,"s:563:2:568:Infinity":157,"s:564:17:564:Infinity":158,"s:565:4:565:Infinity":159,"s:567:4:567:Infinity":160,"f:577:16:577:31":40,"b:578:2:602:Infinity:undefined:undefined:undefined:undefined":76,"s:578:2:602:Infinity":161,"s:579:19:579:Infinity":162,"s:580:23:580:Infinity":163,"b:580:44:580:74:580:74:580:Infinity":77,"b:583:6:584:Infinity:585:6:586:Infinity:587:6:588:Infinity:589:6:590:Infinity:591:6:592:Infinity:593:6:594:Infinity:595:6:596:Infinity:597:6:598:Infinity:599:6:600:Infinity":78,"s:582:4:601:Infinity":164,"s:584:8:584:Infinity":165,"s:586:8:586:Infinity":166,"s:588:8:588:Infinity":167,"s:590:8:590:Infinity":168,"s:592:8:592:Infinity":169,"s:594:8:594:Infinity":170,"s:596:8:596:Infinity":171,"s:598:8:598:Infinity":172,"s:600:8:600:Infinity":173,"b:600:37:600:53:600:53:600:68":79,"b:604:2:606:Infinity:undefined:undefined:undefined:undefined":80,"s:604:2:606:Infinity":174,"s:605:4:605:Infinity":175,"s:608:2:608:Infinity":176,"f:614:16:614:58":41,"s:615:2:624:Infinity":177,"b:623:41:623:83:623:83:623:Infinity":81},"fnNames":{}}}
,"C:\\Users\\Usuario\\Projetos\\AsharFinance\\ashar_mcp\\src\\tools\\balance.ts": {"path":"C:\\Users\\Usuario\\Projetos\\AsharFinance\\ashar_mcp\\src\\tools\\balance.ts","statementMap":{"0":{"start":{"line":11,"column":24},"end":{"line":11,"column":null}},"1":{"start":{"line":14,"column":2},"end":{"line":78,"column":null}},"2":{"start":{"line":49,"column":6},"end":{"line":76,"column":null}},"3":{"start":{"line":50,"column":25},"end":{"line":50,"column":null}},"4":{"start":{"line":53,"column":8},"end":{"line":68,"column":null}},"5":{"start":{"line":54,"column":24},"end":{"line":64,"column":null}},"6":{"start":{"line":65,"column":10},"end":{"line":65,"column":null}},"7":{"start":{"line":67,"column":10},"end":{"line":67,"column":null}},"8":{"start":{"line":70,"column":8},"end":{"line":73,"column":null}},"9":{"start":{"line":75,"column":8},"end":{"line":75,"column":null}}},"fnMap":{"0":{"name":"registerBalanceTools","decl":{"start":{"line":13,"column":16},"end":{"line":13,"column":37}},"loc":{"start":{"line":13,"column":56},"end":{"line":79,"column":null}},"line":13},"1":{"name":"(anonymous_1)","decl":{"start":{"line":48,"column":4},"end":{"line":48,"column":11}},"loc":{"start":{"line":48,"column":22},"end":{"line":77,"column":null}},"line":48}},"branchMap":{"0":{"loc":{"start":{"line":53,"column":8},"end":{"line":68,"column":null}},"type":"if","locations":[{"start":{"line":53,"column":8},"end":{"line":68,"column":null}},{"start":{"line":66,"column":15},"end":{"line":68,"column":null}}],"line":53}},"s":{"0":0,"1":0,"2":0,"3":0,"4":0,"5":0,"6":0,"7":0,"8":0,"9":0},"f":{"0":0,"1":0},"b":{"0":[0,0]},"meta":{"lastBranch":1,"lastFunction":2,"lastStatement":10,"seen":{"s:11:24:11:Infinity":0,"f:13:16:13:37":0,"s:14:2:78:Infinity":1,"f:48:4:48:11":1,"s:49:6:76:Infinity":2,"s:50:25:50:Infinity":3,"b:53:8:68:Infinity:66:15:68:Infinity":0,"s:53:8:68:Infinity":4,"s:54:24:64:Infinity":5,"s:65:10:65:Infinity":6,"s:67:10:67:Infinity":7,"s:70:8:73:Infinity":8,"s:75:8:75:Infinity":9},"fnNames":{}}}
,"C:\\Users\\Usuario\\Projetos\\AsharFinance\\ashar_mcp\\src\\tools\\bankAccounts.ts": {"path":"C:\\Users\\Usuario\\Projetos\\AsharFinance\\ashar_mcp\\src\\tools\\bankAccounts.ts","statementMap":{"0":{"start":{"line":24,"column":24},"end":{"line":24,"column":null}},"1":{"start":{"line":28,"column":2},"end":{"line":130,"column":null}},"2":{"start":{"line":70,"column":6},"end":{"line":128,"column":null}},"3":{"start":{"line":71,"column":25},"end":{"line":71,"column":null}},"4":{"start":{"line":73,"column":8},"end":{"line":77,"column":null}},"5":{"start":{"line":74,"column":10},"end":{"line":76,"column":null}},"6":{"start":{"line":79,"column":22},"end":{"line":96,"column":null}},"7":{"start":{"line":79,"column":50},"end":{"line":96,"column":10}},"8":{"start":{"line":98,"column":23},"end":{"line":98,"column":null}},"9":{"start":{"line":101,"column":8},"end":{"line":120,"column":null}},"10":{"start":{"line":102,"column":24},"end":{"line":102,"column":null}},"11":{"start":{"line":103,"column":10},"end":{"line":116,"column":null}},"12":{"start":{"line":104,"column":25},"end":{"line":104,"column":null}},"13":{"start":{"line":105,"column":12},"end":{"line":105,"column":null}},"14":{"start":{"line":106,"column":12},"end":{"line":106,"column":null}},"15":{"start":{"line":107,"column":12},"end":{"line":107,"column":null}},"16":{"start":{"line":108,"column":12},"end":{"line":108,"column":null}},"17":{"start":{"line":109,"column":12},"end":{"line":109,"column":null}},"18":{"start":{"line":109,"column":31},"end":{"line":109,"column":null}},"19":{"start":{"line":110,"column":12},"end":{"line":110,"column":null}},"20":{"start":{"line":110,"column":36},"end":{"line":110,"column":null}},"21":{"start":{"line":111,"column":12},"end":{"line":111,"column":null}},"22":{"start":{"line":111,"column":27},"end":{"line":111,"column":null}},"23":{"start":{"line":112,"column":12},"end":{"line":112,"column":null}},"24":{"start":{"line":112,"column":26},"end":{"line":112,"column":null}},"25":{"start":{"line":113,"column":12},"end":{"line":113,"column":null}},"26":{"start":{"line":113,"column":29},"end":{"line":113,"column":null}},"27":{"start":{"line":114,"column":12},"end":{"line":114,"column":null}},"28":{"start":{"line":115,"column":12},"end":{"line":115,"column":null}},"29":{"start":{"line":117,"column":10},"end":{"line":117,"column":null}},"30":{"start":{"line":119,"column":10},"end":{"line":119,"column":null}},"31":{"start":{"line":122,"column":8},"end":{"line":125,"column":null}},"32":{"start":{"line":127,"column":8},"end":{"line":127,"column":null}},"33":{"start":{"line":133,"column":2},"end":{"line":237,"column":null}},"34":{"start":{"line":182,"column":6},"end":{"line":235,"column":null}},"35":{"start":{"line":183,"column":24},"end":{"line":198,"column":null}},"36":{"start":{"line":200,"column":23},"end":{"line":208,"column":null}},"37":{"start":{"line":211,"column":8},"end":{"line":227,"column":null}},"38":{"start":{"line":212,"column":24},"end":{"line":223,"column":null}},"39":{"start":{"line":224,"column":10},"end":{"line":224,"column":null}},"40":{"start":{"line":226,"column":10},"end":{"line":226,"column":null}},"41":{"start":{"line":229,"column":8},"end":{"line":232,"column":null}},"42":{"start":{"line":234,"column":8},"end":{"line":234,"column":null}},"43":{"start":{"line":240,"column":2},"end":{"line":332,"column":null}},"44":{"start":{"line":272,"column":6},"end":{"line":330,"column":null}},"45":{"start":{"line":274,"column":53},"end":{"line":283,"column":null}},"46":{"start":{"line":285,"column":52},"end":{"line":285,"column":null}},"47":{"start":{"line":286,"column":48},"end":{"line":290,"column":null}},"48":{"start":{"line":291,"column":8},"end":{"line":297,"column":null}},"49":{"start":{"line":292,"column":21},"end":{"line":292,"column":null}},"50":{"start":{"line":293,"column":10},"end":{"line":296,"column":null}},"51":{"start":{"line":294,"column":24},"end":{"line":294,"column":null}},"52":{"start":{"line":295,"column":12},"end":{"line":295,"column":null}},"53":{"start":{"line":299,"column":24},"end":{"line":299,"column":null}},"54":{"start":{"line":301,"column":23},"end":{"line":307,"column":null}},"55":{"start":{"line":310,"column":8},"end":{"line":322,"column":null}},"56":{"start":{"line":311,"column":24},"end":{"line":318,"column":null}},"57":{"start":{"line":319,"column":10},"end":{"line":319,"column":null}},"58":{"start":{"line":321,"column":10},"end":{"line":321,"column":null}},"59":{"start":{"line":324,"column":8},"end":{"line":327,"column":null}},"60":{"start":{"line":329,"column":8},"end":{"line":329,"column":null}},"61":{"start":{"line":335,"column":2},"end":{"line":379,"column":null}},"62":{"start":{"line":359,"column":6},"end":{"line":377,"column":null}},"63":{"start":{"line":360,"column":8},"end":{"line":360,"column":null}},"64":{"start":{"line":362,"column":23},"end":{"line":362,"column":null}},"65":{"start":{"line":365,"column":8},"end":{"line":369,"column":null}},"66":{"start":{"line":366,"column":10},"end":{"line":366,"column":null}},"67":{"start":{"line":368,"column":10},"end":{"line":368,"column":null}},"68":{"start":{"line":371,"column":8},"end":{"line":374,"column":null}},"69":{"start":{"line":376,"column":8},"end":{"line":376,"column":null}}},"fnMap":{"0":{"name":"registerBankAccountTools","decl":{"start":{"line":26,"column":16},"end":{"line":26,"column":41}},"loc":{"start":{"line":26,"column":60},"end":{"line":380,"column":null}},"line":26},"1":{"name":"(anonymous_1)","decl":{"start":{"line":69,"column":4},"end":{"line":69,"column":11}},"loc":{"start":{"line":69,"column":22},"end":{"line":129,"column":null}},"line":69},"2":{"name":"(anonymous_2)","decl":{"start":{"line":79,"column":31},"end":{"line":79,"column":36}},"loc":{"start":{"line":79,"column":50},"end":{"line":96,"column":10}},"line":79},"3":{"name":"(anonymous_3)","decl":{"start":{"line":181,"column":4},"end":{"line":181,"column":11}},"loc":{"start":{"line":181,"column":22},"end":{"line":236,"column":null}},"line":181},"4":{"name":"(anonymous_4)","decl":{"start":{"line":271,"column":4},"end":{"line":271,"column":11}},"l
[...]
,"C:\\Users\\Usuario\\Projetos\\AsharFinance\\ashar_mcp\\src\\tools\\wallets.ts": {"path":"C:\\Users\\Usuario\\Projetos\\AsharFinance\\ashar_mcp\\src\\tools\\wallets.ts","statementMap":{"0":{"start":{"line":21,"column":2},"end":{"line":160,"column":null}},"1":{"start":{"line":73,"column":6},"end":{"line":158,"column":null}},"2":{"start":{"line":74,"column":40},"end":{"line":74,"column":null}},"3":{"start":{"line":77,"column":25},"end":{"line":84,"column":null}},"4":{"start":{"line":77,"column":52},"end":{"line":84,"column":10}},"5":{"start":{"line":87,"column":25},"end":{"line":91,"column":null}},"6":{"start":{"line":89,"column":14},"end":{"line":89,"column":null}},"7":{"start":{"line":93,"column":23},"end":{"line":100,"column":null}},"8":{"start":{"line":98,"column":60},"end":{"line":98,"column":75}},"9":{"start":{"line":103,"column":8},"end":{"line":150,"column":null}},"10":{"start":{"line":104,"column":24},"end":{"line":119,"column":null}},"11":{"start":{"line":121,"column":10},"end":{"line":134,"column":null}},"12":{"start":{"line":122,"column":12},"end":{"line":122,"column":null}},"13":{"start":{"line":124,"column":12},"end":{"line":124,"column":null}},"14":{"start":{"line":125,"column":12},"end":{"line":125,"column":null}},"15":{"start":{"line":126,"column":12},"end":{"line":133,"column":null}},"16":{"start":{"line":127,"column":32},"end":{"line":129,"column":null}},"17":{"start":{"line":130,"column":14},"end":{"line":132,"column":null}},"18":{"start":{"line":136,"column":10},"end":{"line":145,"column":null}},"19":{"start":{"line":141,"column":37},"end":{"line":141,"column":null}},"20":{"start":{"line":147,"column":10},"end":{"line":147,"column":null}},"21":{"start":{"line":149,"column":10},"end":{"line":149,"column":null}},"22":{"start":{"line":152,"column":8},"end":{"line":155,"column":null}},"23":{"start":{"line":157,"column":8},"end":{"line":157,"column":null}},"24":{"start":{"line":163,"column":2},"end":{"line":237,"column":null}},"25":{"start":{"line":195,"column":6},"end":{"line":235,"column":null}},"26":{"start":{"line":196,"column":22},"end":{"line":196,"column":null}},"27":{"start":{"line":198,"column":25},"end":{"line":202,"column":null}},"28":{"start":{"line":198,"column":48},"end":{"line":202,"column":10}},"29":{"start":{"line":204,"column":23},"end":{"line":207,"column":null}},"30":{"start":{"line":210,"column":8},"end":{"line":227,"column":null}},"31":{"start":{"line":211,"column":24},"end":{"line":216,"column":null}},"32":{"start":{"line":217,"column":10},"end":{"line":219,"column":null}},"33":{"start":{"line":218,"column":12},"end":{"line":218,"column":null}},"34":{"start":{"line":220,"column":10},"end":{"line":223,"column":null}},"35":{"start":{"line":224,"column":10},"end":{"line":224,"column":null}},"36":{"start":{"line":226,"column":10},"end":{"line":226,"column":null}},"37":{"start":{"line":229,"column":8},"end":{"line":232,"column":null}},"38":{"start":{"line":234,"column":8},"end":{"line":234,"column":null}}},"fnMap":{"0":{"name":"registerWalletTools","decl":{"start":{"line":19,"column":16},"end":{"line":19,"column":36}},"loc":{"start":{"line":19,"column":55},"end":{"line":238,"column":null}},"line":19},"1":{"name":"(anonymous_1)","decl":{"start":{"line":72,"column":4},"end":{"line":72,"column":11}},"loc":{"start":{"line":72,"column":22},"end":{"line":159,"column":null}},"line":72},"2":{"name":"(anonymous_2)","decl":{"start":{"line":77,"column":35},"end":{"line":77,"column":40}},"loc":{"start":{"line":77,"column":52},"end":{"line":84,"column":10}},"line":77},"3":{"name":"(anonymous_3)","decl":{"start":{"line":88,"column":21},"end":{"line":88,"column":29}},"loc":{"start":{"line":89,"column":14},"end":{"line":89,"column":null}},"line":89},"4":{"name":"(anonymous_4)","decl":{"start":{"line":98,"column":46},"end":{"line":98,"column":54}},"loc":{"start":{"line":98,"column":60},"end":{"line":98,"column":75}},"line":98},"5":{"name":"(anonymous_5)","decl":{"start":{"line":140,"column":46},"end":{"line":140,"column":null}},"loc":{"start":{"line":141,"column":37},"end":{"line":141,"column":null}},"line":141},"6":{"name":"(anonymous_6)","decl":{"start":{"line":194,"column":4},"end":{"line":194,"column":11}},"loc":{"start":{"line":194,"column":27},"end":{"line":236,"column":null}},"line":194},"7":{"name":"(anonymous_7)","decl":{"start":{"line":198,"column":31},"end":{"line":198,"column":36}},"loc":{"start":{"line":198,"column":48},"end":{"line":202,"column":10}},"line":198}},"branchMap":{"0":{"loc":{"start":{"line":80,"column":17},"end":{"line":80,"column":null}},"type":"binary-expr","locations":[{"start":{"line":80,"column":17},"end":{"line":80,"column":28}},{"start":{"line":80,"column":28},"end":{"line":80,"column":null}}],"line":80},"1":{"loc":{"start":{"line":81,"column":36},"end":{"line":81,"column":49}},"type":"binary-expr","locations":[{"start":{"line":81,"column":36},"end":{"line":81,"column":47}},{"start":{"line":81,"column":47},"end":{"line":81,"column":49}}],"line":81},"2":{"loc":{"start":{"line":82,"column":17},"end":{"line":82,"column":null}},"type":"binary-expr","locations":[{"start":{"line":82,"column":17},"end":{"line":82,"column":28}},{"start":{"line":82,"column":28},"end":{"line":82,"column":null}}],"line":82},"3":{"loc":{"start":{"line":83,"column":22},"end":{"line":83,"column":null}},"type":"binary-expr","locations":[{"start":{"line":83,"column":22},"end":{"line":83,"column":37}},{"start":{"line":83,"column":37},"end":{"line":83,"column":53}},{"start":{"line":83,"column":53},"end":{"line":83,"column":null}}],"line":83},"4":{"loc":{"start":{"line":87,"column":25},"end":{"line":91,"column":null}},"type":"cond-expr","locations":[{"start":{"line":88,"column":12},"end":{"line":90,"column":null}},{"start":{"line":91,"column":12},"end":{"line":91,"column":null}}],"line":87},"5":{"loc":{"start":{"line":103,"column":8},"end":{"line":150,"column":null}},"type":"if","locations":[{"start":{"line":103,"column":8},"end":{"line":150,"column":null}},{"start":{"line":148,"column":15},"end":{"line":150,"column":null}}],"line":103},"6":{"loc":{"start":{"line":121,"column":10},"end":{"line":134,"column":null}},"type":"if","locations":[{"start":{"line":121,"column":10},"end":{"line":134,"column":null}},{"start":{"line":123,"column":17},"end":{"line":134,"column":null}}],"line":121},"7":{"loc":{"start":{"line":127,"column":32},"end":{"line":129,"column":null}},"type":"cond-expr","locations":[{"start":{"line":128,"column":18},"end":{"line":128,"column":null}},{"start":{"line":129,"column":18},"end":{"line":129,"column":null}}],"line":127},"8":{"loc":{"start":{"line":131,"column":64},"end":{"line":131,"column":83}},"type":"binary-expr","locations":[{"start":{"line":131,"column":64},"end":{"line":131,"column":75}},{"start":{"line":131,"column":75},"end":{"line":131,"column":83}}],"line":131},"9":{"loc":{"start":{"line":201,"column":36},"end":{"line":201,"column":49}},"type":"binary-expr","locations":[{"start":{"line":201,"column":36},"end":{"line":201,"column":47}},{"start":{"line":201,"column":47},"end":{"line":201,"column":49}}],"line":201},"10":{"loc":{"start":{"line":210,"column":8},"end":{"line":227,"column":null}},"type":"if","locations":[{"start":{"line":210,"column":8},"end":{"line":227,"column":null}},{"start":{"line":225,"column":15},"end":{"line":227,"column":null}}],"line":210}},"s":{"0":0,"1":0,"2":0,"3":0,"4":0,"5":0,"6":0,"7":0,"8":0,"9":0,"10":0,"11":0,"12":0,"13":0,"14":0,"15":0,"16":0,"17":0,"18":0,"19":0,"20":0,"21":0,"22":0,"23":0,"24":0,"25":0,"26":0,"27":0,"28":0,"29":0,"30":0,"31":0,"32":0,"33":0,"34":0,"35":0,"36":0,"37":0,"38":0},"f":{"0":0,"1":0,"2":0,"3":0,"4":0,"5":0,"6":0,"7":0},"b":{"0":[0,0],"1":[0,0],"2":[0,0],"3":[0,0,0],"4":[0,0],"5":[0,0],"6":[0,0],"7":[0,0],"8":[0,0],"9":[0,0],"10":[0,0]},"meta":{"lastBranch":11,"lastFunction":8,"lastStatement":39,"seen":{"f:19:16:19:36":0,"s:21:2:160:Infinity":0,"f:72:4:72:11":1,"s:73:6:158:Infinity":1,"s:74:40:74:Infinity":2,"s:77:25:84:Infinity":3,"f:77:35:77:40":2,"s:77:52:84:10":4,"b:80:17:80:28:80:28:80:Infinity":0,"b:81:36:81:47:81:47:81:49":1,"b:82:17:82:28:82:28:82:Infinity":2,"b:83:22:83:37:83:37:83:53:83:53:83:Infinity":3,"s:87:25:91:Infinity":5,"b:88:12:90:Infinity:91:12:91:Infinity":4,"f:88:21:88:29":3,"s:89:14:89:Infinity":6,"s:93:23:100:Infinity":7,"f:98:46:98:54":4,"s:98:60:98:75":8,"b:103:8:150:Infinity:148:15:150:Infinity":5,"s:103:8:150:Infinity":9,"s:104:24:119:Infinity":10,"b:121:10:134:Infinity:123:17:134:Infinity":6,"s:121:10:134:Infinity":11,"s:122:12:122:Infinity":12,"s:124:12:124:Infinity":13,"s:125:12:125:Infinity":14,"s:126:12:133:Infinity":15,"s:127:32:129:Infinity":16,"b:128:18:128:Infinity:129:18:129:Infinity":7,"s:130:14:132:Infinity":17,"b:131:64:131:75:131:75:131:83":8,"s:136:10:145:Infinity":18,"f:140:46:140:Infinity":5,"s:141:37:141:Infinity":19,"s:147:10:147:Infinity":20,"s:149:10:149:Infinity":21,"s:152:8:155:Infinity":22,"s:157:8:157:Infinity":23,"s:163:2:237:Infinity":24,"f:194:4:194:11":6,"s:195:6:235:Infinity":25,"s:196:22:196:Infinity":26,"s:198:25:202:Infinity":27,"f:198:31:198:36":7,"s:198:48:202:10":28,"b:201:36:201:47:201:47:201:49":9,"s:204:23:207:Infinity":29,"b:210:8:227:Infinity:225:15:227:Infinity":10,"s:210:8:227:Infinity":30,"s:211:24:216:Infinity":31,"s:217:10:219:Infinity":32,"s:218:12:218:Infinity":33,"s:220:10:223:Infinity":34,"s:224:10:224:Infinity":35,"s:226:10:226:Infinity":36,"s:229:8:232:Infinity":37,"s:234:8:234:Infinity":38},"fnNames":{}}}
,"C:\\Users\\Usuario\\Projetos\\AsharFinance\\ashar_mcp\\src\\tools\\webhooks.ts": {"path":"C:\\Users\\Usuario\\Projetos\\AsharFinance\\ashar_mcp\\src\\tools\\webhooks.ts","statementMap":{"0":{"start":{"line":25,"column":24},"end":{"line":25,"column":null}},"1":{"start":{"line":29,"column":2},"end":{"line":117,"column":null}},"2":{"start":{"line":70,"column":6},"end":{"line":115,"column":null}},"3":{"start":{"line":71,"column":25},"end":{"line":71,"column":null}},"4":{"start":{"line":73,"column":8},"end":{"line":77,"column":null}},"5":{"start":{"line":74,"column":10},"end":{"line":76,"column":null}},"6":{"start":{"line":79,"column":23},"end":{"line":79,"column":null}},"7":{"start":{"line":82,"column":8},"end":{"line":104,"column":null}},"8":{"start":{"line":83,"column":24},"end":{"line":100,"column":null}},"9":{"start":{"line":88,"column":52},"end":{"line":99,"column":24}},"10":{"start":{"line":101,"column":10},"end":{"line":101,"column":null}},"11":{"start":{"line":103,"column":10},"end":{"line":103,"column":null}},"12":{"start":{"line":106,"column":8},"end":{"line":109,"column":null}},"13":{"start":{"line":111,"column":8},"end":{"line":114,"column":null}},"14":{"start":{"line":120,"column":2},"end":{"line":226,"column":null}},"15":{"start":{"line":185,"column":6},"end":{"line":224,"column":null}},"16":{"start":{"line":186,"column":19},"end":{"line":190,"column":null}},"17":{"start":{"line":193,"column":8},"end":{"line":213,"column":null}},"18":{"start":{"line":194,"column":10},"end":{"line":210,"column":null}},"19":{"start":{"line":212,"column":10},"end":{"line":212,"column":null}},"20":{"start":{"line":215,"column":8},"end":{"line":218,"column":null}},"21":{"start":{"line":220,"column":8},"end":{"line":223,"column":null}},"22":{"start":{"line":229,"column":2},"end":{"line":275,"column":null}},"23":{"start":{"line":254,"column":6},"end":{"line":273,"column":null}},"24":{"start":{"line":255,"column":8},"end":{"line":255,"column":null}},"25":{"start":{"line":258,"column":8},"end":{"line":262,"column":null}},"26":{"start":{"line":259,"column":10},"end":{"line":259,"column":null}},"27":{"start":{"line":261,"column":10},"end":{"line":261,"column":null}},"28":{"start":{"line":264,"column":8},"end":{"line":267,"column":null}},"29":{"start":{"line":269,"column":8},"end":{"line":272,"column":null}},"30":{"start":{"line":278,"column":2},"end":{"line":341,"column":null}},"31":{"start":{"line":312,"column":6},"end":{"line":339,"column":null}},"32":{"start":{"line":313,"column":23},"end":{"line":313,"column":null}},"33":{"start":{"line":316,"column":8},"end":{"line":328,"column":null}},"34":{"start":{"line":317,"column":10},"end":{"line":325,"column":null}},"35":{"start":{"line":327,"column":10},"end":{"line":327,"column":null}},"36":{"start":{"line":330,"column":8},"end":{"line":333,"column":null}},"37":{"start":{"line":335,"column":8},"end":{"line":338,"column":null}}},"fnMap":{"0":{"name":"registerWebhookTools","decl":{"start":{"line":27,"column":16},"end":{"line":27,"column":37}},"loc":{"start":{"line":27,"column":56},"end":{"line":342,"column":null}},"line":27},"1":{"name":"(anonymous_1)","decl":{"start":{"line":69,"column":4},"end":{"line":69,"column":11}},"loc":{"start":{"line":69,"column":22},"end":{"line":116,"column":null}},"line":69},"2":{"name":"(anonymous_2)","decl":{"start":{"line":88,"column":24},"end":{"line":88,"column":29}},"loc":{"start":{"line":88,"column":52},"end":{"line":99,"column":24}},"line":88},"3":{"name":"(anonymous_3)","decl":{"start":{"line":184,"column":4},"end":{"line":184,"column":11}},"loc":{"start":{"line":184,"column":22},"end":{"line":225,"column":null}},"line":184},"4":{"name":"(anonymous_4)","decl":{"start":{"line":253,"column":4},"end":{"line":253,"column":11}},"loc":{"start":{"line":253,"column":22},"end":{"line":274,"column":null}},"line":253},"5":{"name":"(anonymous_5)","decl":{"start":{"line":311,"column":4},"end":{"line":311,"column":11}},"loc":{"start":{"line":311,"column":22},"end":{"line":340,"column":null}},"line":311}},"branchMap":{"0":{"loc":{"start":{"line":73,"column":8},"end":{"line":77,"column":null}},"type":"if","locations":[{"start":{"line":73,"column":8},"end":{"line":77,"column":null}},{"start":{},"end":{}}],"line":73},"1":{"loc":{"start":{"line":82,"column":8},"end":{"line":104,"column":null}},"type":"if","locations":[{"start":{"line":82,"column":8},"end":{"line":104,"column":null}},{"start":{"line":102,"column":15},"end":{"line":104,"column":null}}],"line":82},"2":{"loc":{"start":{"line":93,"column":30},"end":{"line":93,"column":null}},"type":"cond-expr","locations":[{"start":{"line":93,"column":42},"end":{"line":93,"column":50}},{"start":{"line":93,"column":50},"end":{"line":93,"column":null}}],"line":93},"3":{"loc":{"start":{"line":94,"column":38},"end":{"line":94,"column":null}},"type":"binary-expr","locations":[{"start":{"line":94,"column":38},"end":{"line":94,"column":55}},{"start":{"line":94,"column":55},"end":{"line":94,"column":null}}],"line":94},"4":{"loc":{"start":{"line":189,"column":18},"end":{"line":189,"column":null}},"type":"binary-expr","locations":[{"start":{"line":189,"column":18},"end":{"line":189,"column":35}},{"start":{"line":189,"column":35},"end":{"line":189,"column":null}}],"line":189},"5":{"loc":{"start":{"line":193,"column":8},"end":{"line":213,"column":null}},"type":"if","locations":[{"start":{"line":193,"column":8},"end":{"line":213,"column":null}},{"start":{"line":211,"column":15},"end":{"line":213,"column":null}}],"line":193},"6":{"loc":{"start":{"line":258,"column":8},"end":{"line":262,"column":null}},"type":"if","locations":[{"start":{"line":258,"column":8},"end":{"line":262,"column":null}},{"start":{"line":260,"column":15},"end":{"line":262,"column":null}}],"line":258},"7":{"loc":{"start":{"line":316,"column":8},"end":{"line":328,"column":null}},"type":"if","locations":[{"start":{"line":316,"column":8},"end":{"line":328,"column":null}},{"start":{"line":326,"column":15},"end":{"line":328,"column":null}}],"line":316},"8":{"loc":{"start":{"line":320,"column":34},"end":{"line":320,"column":null}},"type":"binary-expr","locations":[{"start":{"line":320,"column":34},"end":{"line":320,"column":55}},{"start":{"line":320,"column":55},"end":{"line":320,"column":null}}],"line":320},"9":{"loc":{"start":{"line":321,"column":30},"end":{"line":321,"column":null}},"type":"cond-expr","locations":[{"start":{"line":321,"column":42},"end":{"line":321,"column":50}},{"start":{"line":321,"column":50},"end":{"line":321,"column":null}}],"line":321},"10":{"loc":{"start":{"line":323,"column":12},"end":{"line":323,"column":null}},"type":"cond-expr","locations":[{"start":{"line":323,"column":30},"end":{"line":323,"column":83}},{"start":{"line":323,"column":83},"end":{"line":323,"column":null}}],"line":323},"11":{"loc":{"start":{"line":324,"column":12},"end":{"line":324,"column":null}},"type":"cond-expr","locations":[{"start":{"line":324,"column":27},"end":{"line":324,"column":59}},{"start":{"line":324,"column":59},"end":{"line":324,"column":null}}],"line":324}},"s":{"0":0,"1":0,"2":0,"3":0,"4":0,"5":0,"6":0,"7":0,"8":0,"9":0,"10":0,"11":0,"12":0,"13":0,"14":0,"15":0,"16":0,"17":0,"18":0,"19":0,"20":0,"21":0,"22":0,"23":0,"24":0,"25":0,"26":0,"27":0,"28":0,"29":0,"30":0,"31":0,"32":0,"33":0,"34":0,"35":0,"36":0,"37":0},"f":{"0":0,"1":0,"2":0,"3":0,"4":0,"5":0},"b":{"0":[0,0],"1":[0,0],"2":[0,0],"3":[0,0],"4":[0,0],"5":[0,0],"6":[0,0],"7":[0,0],"8":[0,0],"9":[0,0],"10":[0,0],"11":[0,0]},"meta":{"lastBranch":12,"lastFunction":6,"lastStatement":38,"seen":{"s:25:24:25:Infinity":0,"f:27:16:27:37":0,"s:29:2:117:Infinity":1,"f:69:4:69:11":1,"s:70:6:115:Infinity":2,"s:71:25:71:Infinity":3,"b:73:8:77:Infinity:undefined:undefined:undefined:undefined":0,"s:73:8:77:Infinity":4,"s:74:10:76:Infinity":5,"s:79:23:79:Infinity":6,"b:82:8:104:Infinity:102:15:104:Infinity":1,"s:82:8:104:Infinity":7,"s:83:24:100:Infinity":8,"f:88:24:88:29":2,"s:88:52:99:24":9,"b:93:42:93:50:93:50:93:Infinity":2,"b:94:38:94:55:94:55:94:Infinity":3,"s:101:10:101:Infinity":10,"s:103:10:103:Infinity":11,"s:106:8:109:Infinity":12,"s:111:8:114:Infinity":13,"s:120:2:226:Infinity":14,"f:184:4:184:11":3,"s:185:6:224:Infinity":15,"s:186:19:190:Infinity":16,"b:189:18:189:35:189:35:189:Infinity":4,"b:193:8:213:Infinity:211:15:213:Infinity":5,"s:193:8:213:Infinity":17,"s:194:10:210:Infinity":18,"s:212:10:212:Infinity":19,"s:215:8:218:Infinity":20,"s:220:8:223:Infinity":21,"s:229:2:275:Infinity":22,"f:253:4:253:11":4,"s:254:6:273:Infinity":23,"s:255:8:255:Infinity":24,"b:258:8:262:Infinity:260:15:262:Infinity":6,"s:258:8:262:Infinity":25,"s:259:10:259:Infinity":26,"s:261:10:261:Infinity":27,"s:264:8:267:Infinity":28,"s:269:8:272:Infinity":29,"s:278:2:341:Infinity":30,"f:311:4:311:11":5,"s:312:6:339:Infinity":31,"s:313:23:313:Infinity":32,"b:316:8:328:Infinity:326:15:328:Infinity":7,"s:316:8:328:Infinity":33,"s:317:10:325:Infinity":34,"b:320:34:320:55:320:55:320:Infinity":8,"b:321:42:321:50:321:50:321:Infinity":9,"b:323:30:323:83:323:83:323:Infinity":10,"b:324:27:324:59:324:59:324:Infinity":11,"s:327:10:327:Infinity":35,"s:330:8:333:Infinity":36,"s:335:8:338:Infinity":37},"fnNames":{}}}
}
